[debug] [2026-07-16T16:22:54.738Z] ----------------------------------------------------------------------
[debug] [2026-07-16T16:22:54.741Z] Command:       C:\Program Files\nodejs\node.exe C:\Users\Admin\AppData\Local\npm-cache\_npx\7750544ccf494d8b\node_modules\firebase-tools\lib\bin\firebase.js deploy
[debug] [2026-07-16T16:22:54.741Z] CLI Version:   15.24.0
[debug] [2026-07-16T16:22:54.741Z] Platform:      win32
[debug] [2026-07-16T16:22:54.741Z] Node Version:  v24.16.0
[debug] [2026-07-16T16:22:54.741Z] Detected Agent: antigravity
[debug] [2026-07-16T16:22:54.741Z] Time:          Thu Jul 16 2026 23:22:54 GMT+0700 (GMT+07:00)
[debug] [2026-07-16T16:22:54.741Z] ----------------------------------------------------------------------
[debug] 
[debug] [2026-07-16T16:22:56.289Z] > command requires scopes: ["email","openid","https://www.googleapis.com/auth/cloudplatformprojects.readonly","https://www.googleapis.com/auth/firebase","https://www.googleapis.com/auth/cloud-platform"]
[debug] [2026-07-16T16:22:56.289Z] > authorizing via signed-in user (bangbadao0212@gmail.com)
[debug] [2026-07-16T16:22:56.289Z] [iam] checking project pascaleducationmanager for permissions ["firebase.projects.get","firebasehosting.sites.update"]
[debug] [2026-07-16T16:22:56.297Z] Checked if tokens are valid: true, expires at: 1784222520667
[debug] [2026-07-16T16:22:56.298Z] Checked if tokens are valid: true, expires at: 1784222520667
[debug] [2026-07-16T16:22:56.298Z] >>> [apiv2][query] POST https://cloudresourcemanager.googleapis.com/v1/projects/pascaleducationmanager:testIamPermissions [none]
[debug] [2026-07-16T16:22:56.298Z] >>> [apiv2][(partial)header] POST https://cloudresourcemanager.googleapis.com/v1/projects/pascaleducationmanager:testIamPermissions  x-goog-user-project=pascaleducationmanager
[debug] [2026-07-16T16:22:56.298Z] >>> [apiv2][body] POST https://cloudresourcemanager.googleapis.com/v1/projects/pascaleducationmanager:testIamPermissions {"permissions":["firebase.projects.get","firebasehosting.sites.update"]}
[debug] [2026-07-16T16:22:57.537Z] <<< [apiv2][status] POST https://cloudresourcemanager.googleapis.com/v1/projects/pascaleducationmanager:testIamPermissions 200
[debug] [2026-07-16T16:22:57.537Z] <<< [apiv2][body] POST https://cloudresourcemanager.googleapis.com/v1/projects/pascaleducationmanager:testIamPermissions {"permissions":["firebase.projects.get","firebasehosting.sites.update"]}
[debug] [2026-07-16T16:22:57.537Z] Checked if tokens are valid: true, expires at: 1784222520667
[debug] [2026-07-16T16:22:57.537Z] Checked if tokens are valid: true, expires at: 1784222520667
[debug] [2026-07-16T16:22:57.538Z] >>> [apiv2][query] GET https://firebase.googleapis.com/v1beta1/projects/pascaleducationmanager [none]
[debug] [2026-07-16T16:22:58.070Z] <<< [apiv2][status] GET https://firebase.googleapis.com/v1beta1/projects/pascaleducationmanager 200
[debug] [2026-07-16T16:22:58.070Z] <<< [apiv2][body] GET https://firebase.googleapis.com/v1beta1/projects/pascaleducationmanager {"projectId":"pascaleducationmanager","projectNumber":"625010575702","displayName":"PascalEducationManager","name":"projects/pascaleducationmanager","resources":{"hostingSite":"pascaleducationmanager"},"state":"ACTIVE","labels":{"firebase":"enabled"},"etag":"1_35b40303-db34-4bcf-af9e-7204df71d22f"}
[debug] [2026-07-16T16:23:00.450Z] defaultcredentials: writing to file C:\Users\Admin\AppData\Roaming\firebase\bangbadao0212_gmail_com_application_default_credentials.json
[debug] [2026-07-16T16:23:00.451Z] Checked if tokens are valid: true, expires at: 1784222520667
[debug] [2026-07-16T16:23:00.451Z] Checked if tokens are valid: true, expires at: 1784222520667
[debug] [2026-07-16T16:23:00.451Z] >>> [apiv2][query] GET https://firebasehosting.googleapis.com/v1beta1/projects/pascaleducationmanager/sites pageToken=&pageSize=10
[debug] [2026-07-16T16:23:01.490Z] <<< [apiv2][status] GET https://firebasehosting.googleapis.com/v1beta1/projects/pascaleducationmanager/sites 200
[debug] [2026-07-16T16:23:01.491Z] <<< [apiv2][body] GET https://firebasehosting.googleapis.com/v1beta1/projects/pascaleducationmanager/sites {"sites":[{"name":"projects/pascaleducationmanager/sites/pascaleducationmanager","defaultUrl":"https://pascaleducationmanager.web.app","appId":"1:625010575702:web:d27ac0eb436b628a08eef7","type":"DEFAULT_SITE"}]}
[debug] [2026-07-16T16:23:01.491Z] Checked if tokens are valid: true, expires at: 1784222520667
[debug] [2026-07-16T16:23:01.491Z] Checked if tokens are valid: true, expires at: 1784222520667
[debug] [2026-07-16T16:23:01.491Z] >>> [apiv2][query] GET https://firebase.googleapis.com/v1beta1/projects/-/webApps/1:625010575702:web:d27ac0eb436b628a08eef7/config [none]
[debug] [2026-07-16T16:23:03.592Z] <<< [apiv2][status] GET https://firebase.googleapis.com/v1beta1/projects/-/webApps/1:625010575702:web:d27ac0eb436b628a08eef7/config 200
[debug] [2026-07-16T16:23:03.592Z] <<< [apiv2][body] GET https://firebase.googleapis.com/v1beta1/projects/-/webApps/1:625010575702:web:d27ac0eb436b628a08eef7/config {"projectId":"pascaleducationmanager","appId":"1:625010575702:web:d27ac0eb436b628a08eef7","storageBucket":"pascaleducationmanager.firebasestorage.app","apiKey":"AIzaSyCD8513LiJf4mfbJ49UC-oQYT_Z7gQVcGs","authDomain":"pascaleducationmanager.firebaseapp.com","messagingSenderId":"625010575702","measurementId":"G-SCLM6NLVDJ","projectNumber":"625010575702","version":"2"}
[info] 
   Thank you for trying our early preview of Next.js support on Firebase Hosting.
   During the preview, support is best-effort and breaking changes can be expected. Proceed with caution.
   The integration is known to work with Next.js version 12 - 16.0. You may encounter errors.

   Documentation: https://firebase.google.com/docs/hosting/frameworks/nextjs
   File a bug: https://github.com/firebase/firebase-tools/issues/new?template=bug_report.md
   Submit a feature request: https://github.com/firebase/firebase-tools/issues/new?template=feature_request.md

   We'd love to learn from you. Express your interest in helping us shape the future of Firebase Hosting: https://goo.gle/41enW5X

[debug] [2026-07-16T16:23:09.692Z] Checked if tokens are valid: true, expires at: 1784222520667
[debug] [2026-07-16T16:23:09.692Z] Checked if tokens are valid: true, expires at: 1784222520667
[debug] [2026-07-16T16:23:09.692Z] >>> [apiv2][query] GET https://firebasehosting.googleapis.com/v1beta1/projects/pascaleducationmanager/sites/pascaleducationmanager [none]
[debug] [2026-07-16T16:23:10.579Z] <<< [apiv2][status] GET https://firebasehosting.googleapis.com/v1beta1/projects/pascaleducationmanager/sites/pascaleducationmanager 200
[debug] [2026-07-16T16:23:10.579Z] <<< [apiv2][body] GET https://firebasehosting.googleapis.com/v1beta1/projects/pascaleducationmanager/sites/pascaleducationmanager {"name":"projects/pascaleducationmanager/sites/pascaleducationmanager","defaultUrl":"https://pascaleducationmanager.web.app","appId":"1:625010575702:web:d27ac0eb436b628a08eef7","type":"DEFAULT_SITE"}
[info] ▲ Next.js 16.2.10 (Turbopack)

[info] - Environments: .env.local


[info]   Creating an optimized production build ...

[info] ✓ Compiled successfully in 18.0s

[info]   Running TypeScript ...

[info] Failed to type check.


[info] ./src/app/dashboard/evaluations/[id]/page.tsx:40:22
Type error: Property 'status' does not exist on type '{ id: string; }'.

  38 |
  39 |         // Nếu trạng thái là APPEALED hoặc cao hơn, thử tìm khiếu nại
> 40 |         if (evalData.status !== "PENDING_APPEAL") {
     |                      ^
  41 |           const q = query(collection(db, "appeals"), where("evaluationId", "==", evalId));
  42 |           const querySnapshot = await getDocs(q);
  43 |           if (!querySnapshot.empty) {

[info] Next.js build worker exited with code: 1 and signal: null

[debug] [2026-07-16T16:24:19.158Z] Error: ENOENT: no such file or directory, open 'C:\Users\Admin\OneDrive - pas.edu.vn\BUILD\PEM\edumanager\.next\export-marker.json'
[error] 
[error] Error: An unexpected error has occurred.
[debug] [2026-07-16T16:24:42.450Z] ----------------------------------------------------------------------
[debug] [2026-07-16T16:24:42.452Z] Command:       C:\Program Files\nodejs\node.exe C:\Users\Admin\AppData\Local\npm-cache\_npx\7750544ccf494d8b\node_modules\firebase-tools\lib\bin\firebase.js deploy
[debug] [2026-07-16T16:24:42.452Z] CLI Version:   15.24.0
[debug] [2026-07-16T16:24:42.452Z] Platform:      win32
[debug] [2026-07-16T16:24:42.452Z] Node Version:  v24.16.0
[debug] [2026-07-16T16:24:42.453Z] Detected Agent: antigravity
[debug] [2026-07-16T16:24:42.453Z] Time:          Thu Jul 16 2026 23:24:42 GMT+0700 (GMT+07:00)
[debug] [2026-07-16T16:24:42.453Z] ----------------------------------------------------------------------
[debug] 
[debug] [2026-07-16T16:24:43.991Z] > command requires scopes: ["email","openid","https://www.googleapis.com/auth/cloudplatformprojects.readonly","https://www.googleapis.com/auth/firebase","https://www.googleapis.com/auth/cloud-platform"]
[debug] [2026-07-16T16:24:43.992Z] > authorizing via signed-in user (bangbadao0212@gmail.com)
[debug] [2026-07-16T16:24:43.992Z] [iam] checking project pascaleducationmanager for permissions ["firebase.projects.get","firebasehosting.sites.update"]
[debug] [2026-07-16T16:24:44.000Z] Checked if tokens are valid: true, expires at: 1784222520667
[debug] [2026-07-16T16:24:44.001Z] Checked if tokens are valid: true, expires at: 1784222520667
[debug] [2026-07-16T16:24:44.001Z] >>> [apiv2][query] POST https://cloudresourcemanager.googleapis.com/v1/projects/pascaleducationmanager:testIamPermissions [none]
[debug] [2026-07-16T16:24:44.001Z] >>> [apiv2][(partial)header] POST https://cloudresourcemanager.googleapis.com/v1/projects/pascaleducationmanager:testIamPermissions  x-goog-user-project=pascaleducationmanager
[debug] [2026-07-16T16:24:44.001Z] >>> [apiv2][body] POST https://cloudresourcemanager.googleapis.com/v1/projects/pascaleducationmanager:testIamPermissions {"permissions":["firebase.projects.get","firebasehosting.sites.update"]}
[debug] [2026-07-16T16:24:45.068Z] <<< [apiv2][status] POST https://cloudresourcemanager.googleapis.com/v1/projects/pascaleducationmanager:testIamPermissions 200
[debug] [2026-07-16T16:24:45.068Z] <<< [apiv2][body] POST https://cloudresourcemanager.googleapis.com/v1/projects/pascaleducationmanager:testIamPermissions {"permissions":["firebase.projects.get","firebasehosting.sites.update"]}
[debug] [2026-07-16T16:24:45.069Z] Checked if tokens are valid: true, expires at: 1784222520667
[debug] [2026-07-16T16:24:45.070Z] Checked if tokens are valid: true, expires at: 1784222520667
[debug] [2026-07-16T16:24:45.071Z] >>> [apiv2][query] GET https://firebase.googleapis.com/v1beta1/projects/pascaleducationmanager [none]
[debug] [2026-07-16T16:24:45.578Z] <<< [apiv2][status] GET https://firebase.googleapis.com/v1beta1/projects/pascaleducationmanager 200
[debug] [2026-07-16T16:24:45.578Z] <<< [apiv2][body] GET https://firebase.googleapis.com/v1beta1/projects/pascaleducationmanager {"projectId":"pascaleducationmanager","projectNumber":"625010575702","displayName":"PascalEducationManager","name":"projects/pascaleducationmanager","resources":{"hostingSite":"pascaleducationmanager"},"state":"ACTIVE","labels":{"firebase":"enabled"},"etag":"1_35b40303-db34-4bcf-af9e-7204df71d22f"}
[debug] [2026-07-16T16:24:48.120Z] defaultcredentials: writing to file C:\Users\Admin\AppData\Roaming\firebase\bangbadao0212_gmail_com_application_default_credentials.json
[debug] [2026-07-16T16:24:48.121Z] Checked if tokens are valid: true, expires at: 1784222520667
[debug] [2026-07-16T16:24:48.121Z] Checked if tokens are valid: true, expires at: 1784222520667
[debug] [2026-07-16T16:24:48.121Z] >>> [apiv2][query] GET https://firebasehosting.googleapis.com/v1beta1/projects/pascaleducationmanager/sites pageToken=&pageSize=10
[debug] [2026-07-16T16:24:49.066Z] <<< [apiv2][status] GET https://firebasehosting.googleapis.com/v1beta1/projects/pascaleducationmanager/sites 200
[debug] [2026-07-16T16:24:49.066Z] <<< [apiv2][body] GET https://firebasehosting.googleapis.com/v1beta1/projects/pascaleducationmanager/sites {"sites":[{"name":"projects/pascaleducationmanager/sites/pascaleducationmanager","defaultUrl":"https://pascaleducationmanager.web.app","appId":"1:625010575702:web:d27ac0eb436b628a08eef7","type":"DEFAULT_SITE"}]}
[debug] [2026-07-16T16:24:49.067Z] Checked if tokens are valid: true, expires at: 1784222520667
[debug] [2026-07-16T16:24:49.067Z] Checked if tokens are valid: true, expires at: 1784222520667
[debug] [2026-07-16T16:24:49.067Z] >>> [apiv2][query] GET https://firebase.googleapis.com/v1beta1/projects/-/webApps/1:625010575702:web:d27ac0eb436b628a08eef7/config [none]
[debug] [2026-07-16T16:24:50.459Z] <<< [apiv2][status] GET https://firebase.googleapis.com/v1beta1/projects/-/webApps/1:625010575702:web:d27ac0eb436b628a08eef7/config 200
[debug] [2026-07-16T16:24:50.460Z] <<< [apiv2][body] GET https://firebase.googleapis.com/v1beta1/projects/-/webApps/1:625010575702:web:d27ac0eb436b628a08eef7/config {"projectId":"pascaleducationmanager","appId":"1:625010575702:web:d27ac0eb436b628a08eef7","storageBucket":"pascaleducationmanager.firebasestorage.app","apiKey":"AIzaSyCD8513LiJf4mfbJ49UC-oQYT_Z7gQVcGs","authDomain":"pascaleducationmanager.firebaseapp.com","messagingSenderId":"625010575702","measurementId":"G-SCLM6NLVDJ","projectNumber":"625010575702","version":"2"}
[info] 
   Thank you for trying our early preview of Next.js support on Firebase Hosting.
   During the preview, support is best-effort and breaking changes can be expected. Proceed with caution.
   The integration is known to work with Next.js version 12 - 16.0. You may encounter errors.

   Documentation: https://firebase.google.com/docs/hosting/frameworks/nextjs
   File a bug: https://github.com/firebase/firebase-tools/issues/new?template=bug_report.md
   Submit a feature request: https://github.com/firebase/firebase-tools/issues/new?template=feature_request.md

   We'd love to learn from you. Express your interest in helping us shape the future of Firebase Hosting: https://goo.gle/41enW5X

[debug] [2026-07-16T16:24:57.173Z] Checked if tokens are valid: true, expires at: 1784222520667
[debug] [2026-07-16T16:24:57.174Z] Checked if tokens are valid: true, expires at: 1784222520667
[debug] [2026-07-16T16:24:57.174Z] >>> [apiv2][query] GET https://firebasehosting.googleapis.com/v1beta1/projects/pascaleducationmanager/sites/pascaleducationmanager [none]
[debug] [2026-07-16T16:24:57.974Z] <<< [apiv2][status] GET https://firebasehosting.googleapis.com/v1beta1/projects/pascaleducationmanager/sites/pascaleducationmanager 200
[debug] [2026-07-16T16:24:57.974Z] <<< [apiv2][body] GET https://firebasehosting.googleapis.com/v1beta1/projects/pascaleducationmanager/sites/pascaleducationmanager {"name":"projects/pascaleducationmanager/sites/pascaleducationmanager","defaultUrl":"https://pascaleducationmanager.web.app","appId":"1:625010575702:web:d27ac0eb436b628a08eef7","type":"DEFAULT_SITE"}
[info] ▲ Next.js 16.2.10 (Turbopack)

[info] - Environments: .env.local


[info]   Creating an optimized production build ...

[info] ✓ Compiled successfully in 5.6s

[info]   Running TypeScript ...

[info] Failed to type check.


[info] ./src/app/dashboard/evaluations/[id]/page.tsx:223:59
Type error: Property 'department' does not exist on type 'UserProfile'. Did you mean 'departmentId'?

  221 | ...= true;
  222 | ...ofile?.role === "TTCM" || profile?.role === "TPCM") {
> 223 | ...= evaluation.teacherDepartment === profile.department && evaluation.teacherId !== prof...
      |                                               ^
  224 | ...
  225 | ... quá hạn khiếu nại (48h)
  226 | ...ue = new Date() > new Date(evaluation.deadlineAt);

[info] Next.js build worker exited with code: 1 and signal: null

[debug] [2026-07-16T16:25:10.845Z] Error: ENOENT: no such file or directory, open 'C:\Users\Admin\OneDrive - pas.edu.vn\BUILD\PEM\edumanager\.next\export-marker.json'
[error] 
[error] Error: An unexpected error has occurred.
[debug] [2026-07-16T16:26:49.341Z] ----------------------------------------------------------------------
[debug] [2026-07-16T16:26:49.342Z] Command:       C:\Program Files\nodejs\node.exe C:\Users\Admin\AppData\Local\npm-cache\_npx\7750544ccf494d8b\node_modules\firebase-tools\lib\bin\firebase.js deploy
[debug] [2026-07-16T16:26:49.342Z] CLI Version:   15.24.0
[debug] [2026-07-16T16:26:49.342Z] Platform:      win32
[debug] [2026-07-16T16:26:49.343Z] Node Version:  v24.16.0
[debug] [2026-07-16T16:26:49.343Z] Detected Agent: antigravity
[debug] [2026-07-16T16:26:49.343Z] Time:          Thu Jul 16 2026 23:26:49 GMT+0700 (GMT+07:00)
[debug] [2026-07-16T16:26:49.343Z] ----------------------------------------------------------------------
[debug] 
[debug] [2026-07-16T16:26:50.918Z] > command requires scopes: ["email","openid","https://www.googleapis.com/auth/cloudplatformprojects.readonly","https://www.googleapis.com/auth/firebase","https://www.googleapis.com/auth/cloud-platform"]
[debug] [2026-07-16T16:26:50.919Z] > authorizing via signed-in user (bangbadao0212@gmail.com)
[debug] [2026-07-16T16:26:50.919Z] [iam] checking project pascaleducationmanager for permissions ["firebase.projects.get","firebasehosting.sites.update"]
[debug] [2026-07-16T16:26:50.928Z] Checked if tokens are valid: true, expires at: 1784222520667
[debug] [2026-07-16T16:26:50.928Z] Checked if tokens are valid: true, expires at: 1784222520667
[debug] [2026-07-16T16:26:50.929Z] >>> [apiv2][query] POST https://cloudresourcemanager.googleapis.com/v1/projects/pascaleducationmanager:testIamPermissions [none]
[debug] [2026-07-16T16:26:50.929Z] >>> [apiv2][(partial)header] POST https://cloudresourcemanager.googleapis.com/v1/projects/pascaleducationmanager:testIamPermissions  x-goog-user-project=pascaleducationmanager
[debug] [2026-07-16T16:26:50.929Z] >>> [apiv2][body] POST https://cloudresourcemanager.googleapis.com/v1/projects/pascaleducationmanager:testIamPermissions {"permissions":["firebase.projects.get","firebasehosting.sites.update"]}
[debug] [2026-07-16T16:26:51.977Z] <<< [apiv2][status] POST https://cloudresourcemanager.googleapis.com/v1/projects/pascaleducationmanager:testIamPermissions 200
[debug] [2026-07-16T16:26:51.978Z] <<< [apiv2][body] POST https://cloudresourcemanager.googleapis.com/v1/projects/pascaleducationmanager:testIamPermissions {"permissions":["firebase.projects.get","firebasehosting.sites.update"]}
[debug] [2026-07-16T16:26:51.978Z] Checked if tokens are valid: true, expires at: 1784222520667
[debug] [2026-07-16T16:26:51.978Z] Checked if tokens are valid: true, expires at: 1784222520667
[debug] [2026-07-16T16:26:51.978Z] >>> [apiv2][query] GET https://firebase.googleapis.com/v1beta1/projects/pascaleducationmanager [none]
[debug] [2026-07-16T16:26:52.412Z] <<< [apiv2][status] GET https://firebase.googleapis.com/v1beta1/projects/pascaleducationmanager 200
[debug] [2026-07-16T16:26:52.413Z] <<< [apiv2][body] GET https://firebase.googleapis.com/v1beta1/projects/pascaleducationmanager {"projectId":"pascaleducationmanager","projectNumber":"625010575702","displayName":"PascalEducationManager","name":"projects/pascaleducationmanager","resources":{"hostingSite":"pascaleducationmanager"},"state":"ACTIVE","labels":{"firebase":"enabled"},"etag":"1_35b40303-db34-4bcf-af9e-7204df71d22f"}
[debug] [2026-07-16T16:26:54.779Z] defaultcredentials: writing to file C:\Users\Admin\AppData\Roaming\firebase\bangbadao0212_gmail_com_application_default_credentials.json
[debug] [2026-07-16T16:26:54.780Z] Checked if tokens are valid: true, expires at: 1784222520667
[debug] [2026-07-16T16:26:54.780Z] Checked if tokens are valid: true, expires at: 1784222520667
[debug] [2026-07-16T16:26:54.780Z] >>> [apiv2][query] GET https://firebasehosting.googleapis.com/v1beta1/projects/pascaleducationmanager/sites pageToken=&pageSize=10
[debug] [2026-07-16T16:26:55.609Z] <<< [apiv2][status] GET https://firebasehosting.googleapis.com/v1beta1/projects/pascaleducationmanager/sites 200
[debug] [2026-07-16T16:26:55.609Z] <<< [apiv2][body] GET https://firebasehosting.googleapis.com/v1beta1/projects/pascaleducationmanager/sites {"sites":[{"name":"projects/pascaleducationmanager/sites/pascaleducationmanager","defaultUrl":"https://pascaleducationmanager.web.app","appId":"1:625010575702:web:d27ac0eb436b628a08eef7","type":"DEFAULT_SITE"}]}
[debug] [2026-07-16T16:26:55.610Z] Checked if tokens are valid: true, expires at: 1784222520667
[debug] [2026-07-16T16:26:55.610Z] Checked if tokens are valid: true, expires at: 1784222520667
[debug] [2026-07-16T16:26:55.610Z] >>> [apiv2][query] GET https://firebase.googleapis.com/v1beta1/projects/-/webApps/1:625010575702:web:d27ac0eb436b628a08eef7/config [none]
[debug] [2026-07-16T16:26:57.740Z] <<< [apiv2][status] GET https://firebase.googleapis.com/v1beta1/projects/-/webApps/1:625010575702:web:d27ac0eb436b628a08eef7/config 200
[debug] [2026-07-16T16:26:57.740Z] <<< [apiv2][body] GET https://firebase.googleapis.com/v1beta1/projects/-/webApps/1:625010575702:web:d27ac0eb436b628a08eef7/config {"projectId":"pascaleducationmanager","appId":"1:625010575702:web:d27ac0eb436b628a08eef7","storageBucket":"pascaleducationmanager.firebasestorage.app","apiKey":"AIzaSyCD8513LiJf4mfbJ49UC-oQYT_Z7gQVcGs","authDomain":"pascaleducationmanager.firebaseapp.com","messagingSenderId":"625010575702","measurementId":"G-SCLM6NLVDJ","projectNumber":"625010575702","version":"2"}
[info] 
   Thank you for trying our early preview of Next.js support on Firebase Hosting.
   During the preview, support is best-effort and breaking changes can be expected. Proceed with caution.
   The integration is known to work with Next.js version 12 - 16.0. You may encounter errors.

   Documentation: https://firebase.google.com/docs/hosting/frameworks/nextjs
   File a bug: https://github.com/firebase/firebase-tools/issues/new?template=bug_report.md
   Submit a feature request: https://github.com/firebase/firebase-tools/issues/new?template=feature_request.md

   We'd love to learn from you. Express your interest in helping us shape the future of Firebase Hosting: https://goo.gle/41enW5X

[debug] [2026-07-16T16:27:03.871Z] Checked if tokens are valid: true, expires at: 1784222520667
[debug] [2026-07-16T16:27:03.871Z] Checked if tokens are valid: true, expires at: 1784222520667
[debug] [2026-07-16T16:27:03.872Z] >>> [apiv2][query] GET https://firebasehosting.googleapis.com/v1beta1/projects/pascaleducationmanager/sites/pascaleducationmanager [none]
[debug] [2026-07-16T16:27:04.873Z] <<< [apiv2][status] GET https://firebasehosting.googleapis.com/v1beta1/projects/pascaleducationmanager/sites/pascaleducationmanager 200
[debug] [2026-07-16T16:27:04.874Z] <<< [apiv2][body] GET https://firebasehosting.googleapis.com/v1beta1/projects/pascaleducationmanager/sites/pascaleducationmanager {"name":"projects/pascaleducationmanager/sites/pascaleducationmanager","defaultUrl":"https://pascaleducationmanager.web.app","appId":"1:625010575702:web:d27ac0eb436b628a08eef7","type":"DEFAULT_SITE"}
[info] 

[info] > Build error occurred

[info] Error: EPERM: operation not permitted, unlink 'C:\Users\Admin\OneDrive - pas.edu.vn\BUILD\PEM\edumanager\.next\static\LJHs1xUUUww6gSlyzONNX'
    at ignore-listed frames {
  errno: -4048,
  code: 'EPERM',
  syscall: 'unlink',
  path: 'C:\\Users\\Admin\\OneDrive - pas.edu.vn\\BUILD\\PEM\\edumanager\\.next\\static\\LJHs1xUUUww6gSlyzONNX'
}

[debug] [2026-07-16T16:27:07.866Z] Error: ENOENT: no such file or directory, open 'C:\Users\Admin\OneDrive - pas.edu.vn\BUILD\PEM\edumanager\.next\server\middleware-manifest.json'
[error] 
[error] Error: An unexpected error has occurred.
[debug] [2026-07-16T16:27:21.304Z] ----------------------------------------------------------------------
[debug] [2026-07-16T16:27:21.306Z] Command:       C:\Program Files\nodejs\node.exe C:\Users\Admin\AppData\Local\npm-cache\_npx\7750544ccf494d8b\node_modules\firebase-tools\lib\bin\firebase.js deploy
[debug] [2026-07-16T16:27:21.306Z] CLI Version:   15.24.0
[debug] [2026-07-16T16:27:21.306Z] Platform:      win32
[debug] [2026-07-16T16:27:21.306Z] Node Version:  v24.16.0
[debug] [2026-07-16T16:27:21.306Z] Detected Agent: antigravity
[debug] [2026-07-16T16:27:21.306Z] Time:          Thu Jul 16 2026 23:27:21 GMT+0700 (GMT+07:00)
[debug] [2026-07-16T16:27:21.306Z] ----------------------------------------------------------------------
[debug] 
[debug] [2026-07-16T16:27:22.857Z] > command requires scopes: ["email","openid","https://www.googleapis.com/auth/cloudplatformprojects.readonly","https://www.googleapis.com/auth/firebase","https://www.googleapis.com/auth/cloud-platform"]
[debug] [2026-07-16T16:27:22.858Z] > authorizing via signed-in user (bangbadao0212@gmail.com)
[debug] [2026-07-16T16:27:22.858Z] [iam] checking project pascaleducationmanager for permissions ["firebase.projects.get","firebasehosting.sites.update"]
[debug] [2026-07-16T16:27:22.866Z] Checked if tokens are valid: true, expires at: 1784222520667
[debug] [2026-07-16T16:27:22.866Z] Checked if tokens are valid: true, expires at: 1784222520667
[debug] [2026-07-16T16:27:22.867Z] >>> [apiv2][query] POST https://cloudresourcemanager.googleapis.com/v1/projects/pascaleducationmanager:testIamPermissions [none]
[debug] [2026-07-16T16:27:22.867Z] >>> [apiv2][(partial)header] POST https://cloudresourcemanager.googleapis.com/v1/projects/pascaleducationmanager:testIamPermissions  x-goog-user-project=pascaleducationmanager
[debug] [2026-07-16T16:27:22.867Z] >>> [apiv2][body] POST https://cloudresourcemanager.googleapis.com/v1/projects/pascaleducationmanager:testIamPermissions {"permissions":["firebase.projects.get","firebasehosting.sites.update"]}
[debug] [2026-07-16T16:27:23.924Z] <<< [apiv2][status] POST https://cloudresourcemanager.googleapis.com/v1/projects/pascaleducationmanager:testIamPermissions 200
[debug] [2026-07-16T16:27:23.924Z] <<< [apiv2][body] POST https://cloudresourcemanager.googleapis.com/v1/projects/pascaleducationmanager:testIamPermissions {"permissions":["firebase.projects.get","firebasehosting.sites.update"]}
[debug] [2026-07-16T16:27:23.925Z] Checked if tokens are valid: true, expires at: 1784222520667
[debug] [2026-07-16T16:27:23.925Z] Checked if tokens are valid: true, expires at: 1784222520667
[debug] [2026-07-16T16:27:23.925Z] >>> [apiv2][query] GET https://firebase.googleapis.com/v1beta1/projects/pascaleducationmanager [none]
[debug] [2026-07-16T16:27:24.391Z] <<< [apiv2][status] GET https://firebase.googleapis.com/v1beta1/projects/pascaleducationmanager 200
[debug] [2026-07-16T16:27:24.391Z] <<< [apiv2][body] GET https://firebase.googleapis.com/v1beta1/projects/pascaleducationmanager {"projectId":"pascaleducationmanager","projectNumber":"625010575702","displayName":"PascalEducationManager","name":"projects/pascaleducationmanager","resources":{"hostingSite":"pascaleducationmanager"},"state":"ACTIVE","labels":{"firebase":"enabled"},"etag":"1_35b40303-db34-4bcf-af9e-7204df71d22f"}
[debug] [2026-07-16T16:27:26.798Z] defaultcredentials: writing to file C:\Users\Admin\AppData\Roaming\firebase\bangbadao0212_gmail_com_application_default_credentials.json
[debug] [2026-07-16T16:27:26.799Z] Checked if tokens are valid: true, expires at: 1784222520667
[debug] [2026-07-16T16:27:26.799Z] Checked if tokens are valid: true, expires at: 1784222520667
[debug] [2026-07-16T16:27:26.799Z] >>> [apiv2][query] GET https://firebasehosting.googleapis.com/v1beta1/projects/pascaleducationmanager/sites pageToken=&pageSize=10
[debug] [2026-07-16T16:27:27.722Z] <<< [apiv2][status] GET https://firebasehosting.googleapis.com/v1beta1/projects/pascaleducationmanager/sites 200
[debug] [2026-07-16T16:27:27.722Z] <<< [apiv2][body] GET https://firebasehosting.googleapis.com/v1beta1/projects/pascaleducationmanager/sites {"sites":[{"name":"projects/pascaleducationmanager/sites/pascaleducationmanager","defaultUrl":"https://pascaleducationmanager.web.app","appId":"1:625010575702:web:d27ac0eb436b628a08eef7","type":"DEFAULT_SITE"}]}
[debug] [2026-07-16T16:27:27.722Z] Checked if tokens are valid: true, expires at: 1784222520667
[debug] [2026-07-16T16:27:27.723Z] Checked if tokens are valid: true, expires at: 1784222520667
[debug] [2026-07-16T16:27:27.723Z] >>> [apiv2][query] GET https://firebase.googleapis.com/v1beta1/projects/-/webApps/1:625010575702:web:d27ac0eb436b628a08eef7/config [none]
[debug] [2026-07-16T16:27:29.673Z] <<< [apiv2][status] GET https://firebase.googleapis.com/v1beta1/projects/-/webApps/1:625010575702:web:d27ac0eb436b628a08eef7/config 200
[debug] [2026-07-16T16:27:29.673Z] <<< [apiv2][body] GET https://firebase.googleapis.com/v1beta1/projects/-/webApps/1:625010575702:web:d27ac0eb436b628a08eef7/config {"projectId":"pascaleducationmanager","appId":"1:625010575702:web:d27ac0eb436b628a08eef7","storageBucket":"pascaleducationmanager.firebasestorage.app","apiKey":"AIzaSyCD8513LiJf4mfbJ49UC-oQYT_Z7gQVcGs","authDomain":"pascaleducationmanager.firebaseapp.com","messagingSenderId":"625010575702","measurementId":"G-SCLM6NLVDJ","projectNumber":"625010575702","version":"2"}
[info] 
   Thank you for trying our early preview of Next.js support on Firebase Hosting.
   During the preview, support is best-effort and breaking changes can be expected. Proceed with caution.
   The integration is known to work with Next.js version 12 - 16.0. You may encounter errors.

   Documentation: https://firebase.google.com/docs/hosting/frameworks/nextjs
   File a bug: https://github.com/firebase/firebase-tools/issues/new?template=bug_report.md
   Submit a feature request: https://github.com/firebase/firebase-tools/issues/new?template=feature_request.md

   We'd love to learn from you. Express your interest in helping us shape the future of Firebase Hosting: https://goo.gle/41enW5X

[debug] [2026-07-16T16:27:35.976Z] Checked if tokens are valid: true, expires at: 1784222520667
[debug] [2026-07-16T16:27:35.976Z] Checked if tokens are valid: true, expires at: 1784222520667
[debug] [2026-07-16T16:27:35.976Z] >>> [apiv2][query] GET https://firebasehosting.googleapis.com/v1beta1/projects/pascaleducationmanager/sites/pascaleducationmanager [none]
[debug] [2026-07-16T16:27:36.819Z] <<< [apiv2][status] GET https://firebasehosting.googleapis.com/v1beta1/projects/pascaleducationmanager/sites/pascaleducationmanager 200
[debug] [2026-07-16T16:27:36.820Z] <<< [apiv2][body] GET https://firebasehosting.googleapis.com/v1beta1/projects/pascaleducationmanager/sites/pascaleducationmanager {"name":"projects/pascaleducationmanager/sites/pascaleducationmanager","defaultUrl":"https://pascaleducationmanager.web.app","appId":"1:625010575702:web:d27ac0eb436b628a08eef7","type":"DEFAULT_SITE"}
[info] ▲ Next.js 16.2.10 (Turbopack)

[info] - Environments: .env.local


[info]   Creating an optimized production build ...

[info] ✓ Compiled successfully in 5.3s

[info]   Running TypeScript ...

[info] Failed to type check.


[info] ./src/app/dashboard/evaluations/[id]/page.tsx:223:106
Type error: Property 'uid' does not exist on type 'UserProfile'.

  221 | ...
  222 | ...CM") {
> 223 | ...rtment && evaluation.teacherId !== profile.uid;
      |                                               ^
  224 | ...
  225 | ...
  226 | ...t);

[info] Next.js build worker exited with code: 1 and signal: null

[debug] [2026-07-16T16:27:49.044Z] Error: ENOENT: no such file or directory, open 'C:\Users\Admin\OneDrive - pas.edu.vn\BUILD\PEM\edumanager\.next\export-marker.json'
[error] 
[error] Error: An unexpected error has occurred.
[debug] [2026-07-16T16:28:23.441Z] ----------------------------------------------------------------------
[debug] [2026-07-16T16:28:23.442Z] Command:       C:\Program Files\nodejs\node.exe C:\Users\Admin\AppData\Local\npm-cache\_npx\7750544ccf494d8b\node_modules\firebase-tools\lib\bin\firebase.js deploy
[debug] [2026-07-16T16:28:23.443Z] CLI Version:   15.24.0
[debug] [2026-07-16T16:28:23.443Z] Platform:      win32
[debug] [2026-07-16T16:28:23.443Z] Node Version:  v24.16.0
[debug] [2026-07-16T16:28:23.443Z] Detected Agent: antigravity
[debug] [2026-07-16T16:28:23.443Z] Time:          Thu Jul 16 2026 23:28:23 GMT+0700 (GMT+07:00)
[debug] [2026-07-16T16:28:23.443Z] ----------------------------------------------------------------------
[debug] 
[debug] [2026-07-16T16:28:24.943Z] > command requires scopes: ["email","openid","https://www.googleapis.com/auth/cloudplatformprojects.readonly","https://www.googleapis.com/auth/firebase","https://www.googleapis.com/auth/cloud-platform"]
[debug] [2026-07-16T16:28:24.943Z] > authorizing via signed-in user (bangbadao0212@gmail.com)
[debug] [2026-07-16T16:28:24.943Z] [iam] checking project pascaleducationmanager for permissions ["firebase.projects.get","firebasehosting.sites.update"]
[debug] [2026-07-16T16:28:24.951Z] Checked if tokens are valid: true, expires at: 1784222520667
[debug] [2026-07-16T16:28:24.951Z] Checked if tokens are valid: true, expires at: 1784222520667
[debug] [2026-07-16T16:28:24.952Z] >>> [apiv2][query] POST https://cloudresourcemanager.googleapis.com/v1/projects/pascaleducationmanager:testIamPermissions [none]
[debug] [2026-07-16T16:28:24.952Z] >>> [apiv2][(partial)header] POST https://cloudresourcemanager.googleapis.com/v1/projects/pascaleducationmanager:testIamPermissions  x-goog-user-project=pascaleducationmanager
[debug] [2026-07-16T16:28:24.952Z] >>> [apiv2][body] POST https://cloudresourcemanager.googleapis.com/v1/projects/pascaleducationmanager:testIamPermissions {"permissions":["firebase.projects.get","firebasehosting.sites.update"]}
[debug] [2026-07-16T16:28:26.023Z] <<< [apiv2][status] POST https://cloudresourcemanager.googleapis.com/v1/projects/pascaleducationmanager:testIamPermissions 200
[debug] [2026-07-16T16:28:26.023Z] <<< [apiv2][body] POST https://cloudresourcemanager.googleapis.com/v1/projects/pascaleducationmanager:testIamPermissions {"permissions":["firebase.projects.get","firebasehosting.sites.update"]}
[debug] [2026-07-16T16:28:26.023Z] Checked if tokens are valid: true, expires at: 1784222520667
[debug] [2026-07-16T16:28:26.023Z] Checked if tokens are valid: true, expires at: 1784222520667
[debug] [2026-07-16T16:28:26.024Z] >>> [apiv2][query] GET https://firebase.googleapis.com/v1beta1/projects/pascaleducationmanager [none]
[debug] [2026-07-16T16:28:26.458Z] <<< [apiv2][status] GET https://firebase.googleapis.com/v1beta1/projects/pascaleducationmanager 200
[debug] [2026-07-16T16:28:26.458Z] <<< [apiv2][body] GET https://firebase.googleapis.com/v1beta1/projects/pascaleducationmanager {"projectId":"pascaleducationmanager","projectNumber":"625010575702","displayName":"PascalEducationManager","name":"projects/pascaleducationmanager","resources":{"hostingSite":"pascaleducationmanager"},"state":"ACTIVE","labels":{"firebase":"enabled"},"etag":"1_35b40303-db34-4bcf-af9e-7204df71d22f"}
[debug] [2026-07-16T16:28:28.865Z] defaultcredentials: writing to file C:\Users\Admin\AppData\Roaming\firebase\bangbadao0212_gmail_com_application_default_credentials.json
[debug] [2026-07-16T16:28:28.866Z] Checked if tokens are valid: true, expires at: 1784222520667
[debug] [2026-07-16T16:28:28.866Z] Checked if tokens are valid: true, expires at: 1784222520667
[debug] [2026-07-16T16:28:28.866Z] >>> [apiv2][query] GET https://firebasehosting.googleapis.com/v1beta1/projects/pascaleducationmanager/sites pageToken=&pageSize=10
[debug] [2026-07-16T16:28:29.742Z] <<< [apiv2][status] GET https://firebasehosting.googleapis.com/v1beta1/projects/pascaleducationmanager/sites 200
[debug] [2026-07-16T16:28:29.742Z] <<< [apiv2][body] GET https://firebasehosting.googleapis.com/v1beta1/projects/pascaleducationmanager/sites {"sites":[{"name":"projects/pascaleducationmanager/sites/pascaleducationmanager","defaultUrl":"https://pascaleducationmanager.web.app","appId":"1:625010575702:web:d27ac0eb436b628a08eef7","type":"DEFAULT_SITE"}]}
[debug] [2026-07-16T16:28:29.743Z] Checked if tokens are valid: true, expires at: 1784222520667
[debug] [2026-07-16T16:28:29.743Z] Checked if tokens are valid: true, expires at: 1784222520667
[debug] [2026-07-16T16:28:29.743Z] >>> [apiv2][query] GET https://firebase.googleapis.com/v1beta1/projects/-/webApps/1:625010575702:web:d27ac0eb436b628a08eef7/config [none]
[debug] [2026-07-16T16:28:31.341Z] <<< [apiv2][status] GET https://firebase.googleapis.com/v1beta1/projects/-/webApps/1:625010575702:web:d27ac0eb436b628a08eef7/config 200
[debug] [2026-07-16T16:28:31.342Z] <<< [apiv2][body] GET https://firebase.googleapis.com/v1beta1/projects/-/webApps/1:625010575702:web:d27ac0eb436b628a08eef7/config {"projectId":"pascaleducationmanager","appId":"1:625010575702:web:d27ac0eb436b628a08eef7","storageBucket":"pascaleducationmanager.firebasestorage.app","apiKey":"AIzaSyCD8513LiJf4mfbJ49UC-oQYT_Z7gQVcGs","authDomain":"pascaleducationmanager.firebaseapp.com","messagingSenderId":"625010575702","measurementId":"G-SCLM6NLVDJ","projectNumber":"625010575702","version":"2"}
[info] 
   Thank you for trying our early preview of Next.js support on Firebase Hosting.
   During the preview, support is best-effort and breaking changes can be expected. Proceed with caution.
   The integration is known to work with Next.js version 12 - 16.0. You may encounter errors.

   Documentation: https://firebase.google.com/docs/hosting/frameworks/nextjs
   File a bug: https://github.com/firebase/firebase-tools/issues/new?template=bug_report.md
   Submit a feature request: https://github.com/firebase/firebase-tools/issues/new?template=feature_request.md

   We'd love to learn from you. Express your interest in helping us shape the future of Firebase Hosting: https://goo.gle/41enW5X

[debug] [2026-07-16T16:28:37.690Z] Checked if tokens are valid: true, expires at: 1784222520667
[debug] [2026-07-16T16:28:37.690Z] Checked if tokens are valid: true, expires at: 1784222520667
[debug] [2026-07-16T16:28:37.691Z] >>> [apiv2][query] GET https://firebasehosting.googleapis.com/v1beta1/projects/pascaleducationmanager/sites/pascaleducationmanager [none]
[debug] [2026-07-16T16:28:38.654Z] <<< [apiv2][status] GET https://firebasehosting.googleapis.com/v1beta1/projects/pascaleducationmanager/sites/pascaleducationmanager 200
[debug] [2026-07-16T16:28:38.654Z] <<< [apiv2][body] GET https://firebasehosting.googleapis.com/v1beta1/projects/pascaleducationmanager/sites/pascaleducationmanager {"name":"projects/pascaleducationmanager/sites/pascaleducationmanager","defaultUrl":"https://pascaleducationmanager.web.app","appId":"1:625010575702:web:d27ac0eb436b628a08eef7","type":"DEFAULT_SITE"}
[info] ▲ Next.js 16.2.10 (Turbopack)

[info] - Environments: .env.local


[info]   Creating an optimized production build ...

[info] ✓ Compiled successfully in 5.3s

[info]   Running TypeScript ...

[info] Failed to type check.


[info] ./src/app/dashboard/evaluations/page.tsx:38:11
Type error: Type 'Query<DocumentData, DocumentData>' is missing the following properties from type 'CollectionReference<DocumentData, DocumentData>': id, path, parent

  36 |         // Nếu là giáo viên, chỉ lấy đánh giá của mình
  37 |         if (profile.role === "TEACHER") {
> 38 |           q = query(collection(db, "evaluations"), where("teacherId", "==", profile.id));
     |           ^
  39 |         }
  40 |         
  41 |         // Sắp xếp theo ngày tạo mới nhất (Cần tạo index trên Firebase nếu dùng where kết ...

[info] Next.js build worker exited with code: 1 and signal: null

[debug] [2026-07-16T16:28:50.605Z] Error: ENOENT: no such file or directory, open 'C:\Users\Admin\OneDrive - pas.edu.vn\BUILD\PEM\edumanager\.next\export-marker.json'
[error] 
[error] Error: An unexpected error has occurred.
[debug] [2026-07-16T16:29:15.665Z] ----------------------------------------------------------------------
[debug] [2026-07-16T16:29:15.667Z] Command:       C:\Program Files\nodejs\node.exe C:\Users\Admin\AppData\Local\npm-cache\_npx\7750544ccf494d8b\node_modules\firebase-tools\lib\bin\firebase.js deploy
[debug] [2026-07-16T16:29:15.667Z] CLI Version:   15.24.0
[debug] [2026-07-16T16:29:15.667Z] Platform:      win32
[debug] [2026-07-16T16:29:15.667Z] Node Version:  v24.16.0
[debug] [2026-07-16T16:29:15.667Z] Detected Agent: antigravity
[debug] [2026-07-16T16:29:15.667Z] Time:          Thu Jul 16 2026 23:29:15 GMT+0700 (GMT+07:00)
[debug] [2026-07-16T16:29:15.667Z] ----------------------------------------------------------------------
[debug] 
[debug] [2026-07-16T16:29:17.097Z] > command requires scopes: ["email","openid","https://www.googleapis.com/auth/cloudplatformprojects.readonly","https://www.googleapis.com/auth/firebase","https://www.googleapis.com/auth/cloud-platform"]
[debug] [2026-07-16T16:29:17.097Z] > authorizing via signed-in user (bangbadao0212@gmail.com)
[debug] [2026-07-16T16:29:17.097Z] [iam] checking project pascaleducationmanager for permissions ["firebase.projects.get","firebasehosting.sites.update"]
[debug] [2026-07-16T16:29:17.106Z] Checked if tokens are valid: true, expires at: 1784222520667
[debug] [2026-07-16T16:29:17.106Z] Checked if tokens are valid: true, expires at: 1784222520667
[debug] [2026-07-16T16:29:17.107Z] >>> [apiv2][query] POST https://cloudresourcemanager.googleapis.com/v1/projects/pascaleducationmanager:testIamPermissions [none]
[debug] [2026-07-16T16:29:17.107Z] >>> [apiv2][(partial)header] POST https://cloudresourcemanager.googleapis.com/v1/projects/pascaleducationmanager:testIamPermissions  x-goog-user-project=pascaleducationmanager
[debug] [2026-07-16T16:29:17.107Z] >>> [apiv2][body] POST https://cloudresourcemanager.googleapis.com/v1/projects/pascaleducationmanager:testIamPermissions {"permissions":["firebase.projects.get","firebasehosting.sites.update"]}
[debug] [2026-07-16T16:29:18.247Z] <<< [apiv2][status] POST https://cloudresourcemanager.googleapis.com/v1/projects/pascaleducationmanager:testIamPermissions 200
[debug] [2026-07-16T16:29:18.247Z] <<< [apiv2][body] POST https://cloudresourcemanager.googleapis.com/v1/projects/pascaleducationmanager:testIamPermissions {"permissions":["firebase.projects.get","firebasehosting.sites.update"]}
[debug] [2026-07-16T16:29:18.247Z] Checked if tokens are valid: true, expires at: 1784222520667
[debug] [2026-07-16T16:29:18.247Z] Checked if tokens are valid: true, expires at: 1784222520667
[debug] [2026-07-16T16:29:18.247Z] >>> [apiv2][query] GET https://firebase.googleapis.com/v1beta1/projects/pascaleducationmanager [none]
[debug] [2026-07-16T16:29:18.774Z] <<< [apiv2][status] GET https://firebase.googleapis.com/v1beta1/projects/pascaleducationmanager 200
[debug] [2026-07-16T16:29:18.774Z] <<< [apiv2][body] GET https://firebase.googleapis.com/v1beta1/projects/pascaleducationmanager {"projectId":"pascaleducationmanager","projectNumber":"625010575702","displayName":"PascalEducationManager","name":"projects/pascaleducationmanager","resources":{"hostingSite":"pascaleducationmanager"},"state":"ACTIVE","labels":{"firebase":"enabled"},"etag":"1_35b40303-db34-4bcf-af9e-7204df71d22f"}
[debug] [2026-07-16T16:29:21.156Z] defaultcredentials: writing to file C:\Users\Admin\AppData\Roaming\firebase\bangbadao0212_gmail_com_application_default_credentials.json
[debug] [2026-07-16T16:29:21.157Z] Checked if tokens are valid: true, expires at: 1784222520667
[debug] [2026-07-16T16:29:21.157Z] Checked if tokens are valid: true, expires at: 1784222520667
[debug] [2026-07-16T16:29:21.157Z] >>> [apiv2][query] GET https://firebasehosting.googleapis.com/v1beta1/projects/pascaleducationmanager/sites pageToken=&pageSize=10
[debug] [2026-07-16T16:29:22.143Z] <<< [apiv2][status] GET https://firebasehosting.googleapis.com/v1beta1/projects/pascaleducationmanager/sites 200
[debug] [2026-07-16T16:29:22.143Z] <<< [apiv2][body] GET https://firebasehosting.googleapis.com/v1beta1/projects/pascaleducationmanager/sites {"sites":[{"name":"projects/pascaleducationmanager/sites/pascaleducationmanager","defaultUrl":"https://pascaleducationmanager.web.app","appId":"1:625010575702:web:d27ac0eb436b628a08eef7","type":"DEFAULT_SITE"}]}
[debug] [2026-07-16T16:29:22.144Z] Checked if tokens are valid: true, expires at: 1784222520667
[debug] [2026-07-16T16:29:22.144Z] Checked if tokens are valid: true, expires at: 1784222520667
[debug] [2026-07-16T16:29:22.144Z] >>> [apiv2][query] GET https://firebase.googleapis.com/v1beta1/projects/-/webApps/1:625010575702:web:d27ac0eb436b628a08eef7/config [none]
[debug] [2026-07-16T16:29:23.351Z] <<< [apiv2][status] GET https://firebase.googleapis.com/v1beta1/projects/-/webApps/1:625010575702:web:d27ac0eb436b628a08eef7/config 200
[debug] [2026-07-16T16:29:23.351Z] <<< [apiv2][body] GET https://firebase.googleapis.com/v1beta1/projects/-/webApps/1:625010575702:web:d27ac0eb436b628a08eef7/config {"projectId":"pascaleducationmanager","appId":"1:625010575702:web:d27ac0eb436b628a08eef7","storageBucket":"pascaleducationmanager.firebasestorage.app","apiKey":"AIzaSyCD8513LiJf4mfbJ49UC-oQYT_Z7gQVcGs","authDomain":"pascaleducationmanager.firebaseapp.com","messagingSenderId":"625010575702","measurementId":"G-SCLM6NLVDJ","projectNumber":"625010575702","version":"2"}
[info] 
   Thank you for trying our early preview of Next.js support on Firebase Hosting.
   During the preview, support is best-effort and breaking changes can be expected. Proceed with caution.
   The integration is known to work with Next.js version 12 - 16.0. You may encounter errors.

   Documentation: https://firebase.google.com/docs/hosting/frameworks/nextjs
   File a bug: https://github.com/firebase/firebase-tools/issues/new?template=bug_report.md
   Submit a feature request: https://github.com/firebase/firebase-tools/issues/new?template=feature_request.md

   We'd love to learn from you. Express your interest in helping us shape the future of Firebase Hosting: https://goo.gle/41enW5X

[debug] [2026-07-16T16:29:29.547Z] Checked if tokens are valid: true, expires at: 1784222520667
[debug] [2026-07-16T16:29:29.547Z] Checked if tokens are valid: true, expires at: 1784222520667
[debug] [2026-07-16T16:29:29.547Z] >>> [apiv2][query] GET https://firebasehosting.googleapis.com/v1beta1/projects/pascaleducationmanager/sites/pascaleducationmanager [none]
[debug] [2026-07-16T16:29:30.442Z] <<< [apiv2][status] GET https://firebasehosting.googleapis.com/v1beta1/projects/pascaleducationmanager/sites/pascaleducationmanager 200
[debug] [2026-07-16T16:29:30.442Z] <<< [apiv2][body] GET https://firebasehosting.googleapis.com/v1beta1/projects/pascaleducationmanager/sites/pascaleducationmanager {"name":"projects/pascaleducationmanager/sites/pascaleducationmanager","defaultUrl":"https://pascaleducationmanager.web.app","appId":"1:625010575702:web:d27ac0eb436b628a08eef7","type":"DEFAULT_SITE"}
[info] ▲ Next.js 16.2.10 (Turbopack)

[info] - Environments: .env.local


[info]   Creating an optimized production build ...

[info] ✓ Compiled successfully in 5.1s

[info]   Running TypeScript ...

[info] Failed to type check.


[info] ./src/app/dashboard/evaluations/page.tsx:46:40
Type error: Spread types may only be created from object types.

  44 |         let evalsData: Evaluation[] = [];
  45 |         querySnapshot.forEach((doc) => {
> 46 |           evalsData.push({ id: doc.id, ...doc.data() } as Evaluation);
     |                                        ^
  47 |         });
  48 |
  49 |         // Filter bằng code phòng trường hợp where bị lỗi index chưa tạo

[info] Next.js build worker exited with code: 1 and signal: null

[debug] [2026-07-16T16:29:42.339Z] Error: ENOENT: no such file or directory, open 'C:\Users\Admin\OneDrive - pas.edu.vn\BUILD\PEM\edumanager\.next\export-marker.json'
[error] 
[error] Error: An unexpected error has occurred.
[debug] [2026-07-16T16:29:57.923Z] ----------------------------------------------------------------------
[debug] [2026-07-16T16:29:57.926Z] Command:       C:\Program Files\nodejs\node.exe C:\Users\Admin\AppData\Local\npm-cache\_npx\7750544ccf494d8b\node_modules\firebase-tools\lib\bin\firebase.js deploy
[debug] [2026-07-16T16:29:57.926Z] CLI Version:   15.24.0
[debug] [2026-07-16T16:29:57.926Z] Platform:      win32
[debug] [2026-07-16T16:29:57.926Z] Node Version:  v24.16.0
[debug] [2026-07-16T16:29:57.926Z] Detected Agent: antigravity
[debug] [2026-07-16T16:29:57.926Z] Time:          Thu Jul 16 2026 23:29:57 GMT+0700 (GMT+07:00)
[debug] [2026-07-16T16:29:57.926Z] ----------------------------------------------------------------------
[debug] 
[debug] [2026-07-16T16:29:59.363Z] > command requires scopes: ["email","openid","https://www.googleapis.com/auth/cloudplatformprojects.readonly","https://www.googleapis.com/auth/firebase","https://www.googleapis.com/auth/cloud-platform"]
[debug] [2026-07-16T16:29:59.364Z] > authorizing via signed-in user (bangbadao0212@gmail.com)
[debug] [2026-07-16T16:29:59.364Z] [iam] checking project pascaleducationmanager for permissions ["firebase.projects.get","firebasehosting.sites.update"]
[debug] [2026-07-16T16:29:59.372Z] Checked if tokens are valid: true, expires at: 1784222520667
[debug] [2026-07-16T16:29:59.372Z] Checked if tokens are valid: true, expires at: 1784222520667
[debug] [2026-07-16T16:29:59.373Z] >>> [apiv2][query] POST https://cloudresourcemanager.googleapis.com/v1/projects/pascaleducationmanager:testIamPermissions [none]
[debug] [2026-07-16T16:29:59.373Z] >>> [apiv2][(partial)header] POST https://cloudresourcemanager.googleapis.com/v1/projects/pascaleducationmanager:testIamPermissions  x-goog-user-project=pascaleducationmanager
[debug] [2026-07-16T16:29:59.373Z] >>> [apiv2][body] POST https://cloudresourcemanager.googleapis.com/v1/projects/pascaleducationmanager:testIamPermissions {"permissions":["firebase.projects.get","firebasehosting.sites.update"]}
[debug] [2026-07-16T16:30:00.435Z] <<< [apiv2][status] POST https://cloudresourcemanager.googleapis.com/v1/projects/pascaleducationmanager:testIamPermissions 200
[debug] [2026-07-16T16:30:00.436Z] <<< [apiv2][body] POST https://cloudresourcemanager.googleapis.com/v1/projects/pascaleducationmanager:testIamPermissions {"permissions":["firebase.projects.get","firebasehosting.sites.update"]}
[debug] [2026-07-16T16:30:00.436Z] Checked if tokens are valid: true, expires at: 1784222520667
[debug] [2026-07-16T16:30:00.436Z] Checked if tokens are valid: true, expires at: 1784222520667
[debug] [2026-07-16T16:30:00.436Z] >>> [apiv2][query] GET https://firebase.googleapis.com/v1beta1/projects/pascaleducationmanager [none]
[debug] [2026-07-16T16:30:00.885Z] <<< [apiv2][status] GET https://firebase.googleapis.com/v1beta1/projects/pascaleducationmanager 200
[debug] [2026-07-16T16:30:00.885Z] <<< [apiv2][body] GET https://firebase.googleapis.com/v1beta1/projects/pascaleducationmanager {"projectId":"pascaleducationmanager","projectNumber":"625010575702","displayName":"PascalEducationManager","name":"projects/pascaleducationmanager","resources":{"hostingSite":"pascaleducationmanager"},"state":"ACTIVE","labels":{"firebase":"enabled"},"etag":"1_35b40303-db34-4bcf-af9e-7204df71d22f"}
[debug] [2026-07-16T16:30:03.428Z] defaultcredentials: writing to file C:\Users\Admin\AppData\Roaming\firebase\bangbadao0212_gmail_com_application_default_credentials.json
[debug] [2026-07-16T16:30:03.429Z] Checked if tokens are valid: true, expires at: 1784222520667
[debug] [2026-07-16T16:30:03.430Z] Checked if tokens are valid: true, expires at: 1784222520667
[debug] [2026-07-16T16:30:03.430Z] >>> [apiv2][query] GET https://firebasehosting.googleapis.com/v1beta1/projects/pascaleducationmanager/sites pageToken=&pageSize=10
[debug] [2026-07-16T16:30:04.471Z] <<< [apiv2][status] GET https://firebasehosting.googleapis.com/v1beta1/projects/pascaleducationmanager/sites 200
[debug] [2026-07-16T16:30:04.471Z] <<< [apiv2][body] GET https://firebasehosting.googleapis.com/v1beta1/projects/pascaleducationmanager/sites {"sites":[{"name":"projects/pascaleducationmanager/sites/pascaleducationmanager","defaultUrl":"https://pascaleducationmanager.web.app","appId":"1:625010575702:web:d27ac0eb436b628a08eef7","type":"DEFAULT_SITE"}]}
[debug] [2026-07-16T16:30:04.471Z] Checked if tokens are valid: true, expires at: 1784222520667
[debug] [2026-07-16T16:30:04.471Z] Checked if tokens are valid: true, expires at: 1784222520667
[debug] [2026-07-16T16:30:04.471Z] >>> [apiv2][query] GET https://firebase.googleapis.com/v1beta1/projects/-/webApps/1:625010575702:web:d27ac0eb436b628a08eef7/config [none]
[debug] [2026-07-16T16:30:05.829Z] <<< [apiv2][status] GET https://firebase.googleapis.com/v1beta1/projects/-/webApps/1:625010575702:web:d27ac0eb436b628a08eef7/config 200
[debug] [2026-07-16T16:30:05.829Z] <<< [apiv2][body] GET https://firebase.googleapis.com/v1beta1/projects/-/webApps/1:625010575702:web:d27ac0eb436b628a08eef7/config {"projectId":"pascaleducationmanager","appId":"1:625010575702:web:d27ac0eb436b628a08eef7","storageBucket":"pascaleducationmanager.firebasestorage.app","apiKey":"AIzaSyCD8513LiJf4mfbJ49UC-oQYT_Z7gQVcGs","authDomain":"pascaleducationmanager.firebaseapp.com","messagingSenderId":"625010575702","measurementId":"G-SCLM6NLVDJ","projectNumber":"625010575702","version":"2"}
[info] 
   Thank you for trying our early preview of Next.js support on Firebase Hosting.
   During the preview, support is best-effort and breaking changes can be expected. Proceed with caution.
   The integration is known to work with Next.js version 12 - 16.0. You may encounter errors.

   Documentation: https://firebase.google.com/docs/hosting/frameworks/nextjs
   File a bug: https://github.com/firebase/firebase-tools/issues/new?template=bug_report.md
   Submit a feature request: https://github.com/firebase/firebase-tools/issues/new?template=feature_request.md

   We'd love to learn from you. Express your interest in helping us shape the future of Firebase Hosting: https://goo.gle/41enW5X

[debug] [2026-07-16T16:30:12.467Z] Checked if tokens are valid: true, expires at: 1784222520667
[debug] [2026-07-16T16:30:12.467Z] Checked if tokens are valid: true, expires at: 1784222520667
[debug] [2026-07-16T16:30:12.467Z] >>> [apiv2][query] GET https://firebasehosting.googleapis.com/v1beta1/projects/pascaleducationmanager/sites/pascaleducationmanager [none]
[debug] [2026-07-16T16:30:13.350Z] <<< [apiv2][status] GET https://firebasehosting.googleapis.com/v1beta1/projects/pascaleducationmanager/sites/pascaleducationmanager 200
[debug] [2026-07-16T16:30:13.350Z] <<< [apiv2][body] GET https://firebasehosting.googleapis.com/v1beta1/projects/pascaleducationmanager/sites/pascaleducationmanager {"name":"projects/pascaleducationmanager/sites/pascaleducationmanager","defaultUrl":"https://pascaleducationmanager.web.app","appId":"1:625010575702:web:d27ac0eb436b628a08eef7","type":"DEFAULT_SITE"}
[info] ▲ Next.js 16.2.10 (Turbopack)

[info] - Environments: .env.local


[info]   Creating an optimized production build ...

[info] ✓ Compiled successfully in 5.7s

[info]   Running TypeScript ...

[info]   Finished TypeScript in 4.3s ...

[info]   Collecting page data using 11 workers ...

[info]   Generating static pages using 11 workers (0/15) ...

[info]   Generating static pages using 11 workers (3/15) 

[info]   Generating static pages using 11 workers (7/15) 

[info]   Generating static pages using 11 workers (11/15) 

[info] ✓ Generating static pages using 11 workers (15/15) in 1054ms

[info]   Finalizing page optimization ...

[info] 

[info] Route (app)
┌ ○ /
├ ○ /_not-found
├ ƒ /api/cron
├ ƒ /api/emails
├ ƒ /api/users/[id]
├ ○ /dashboard
├ ○ /dashboard/departments
├ ○ /dashboard/evaluations
├ ƒ /dashboard/evaluations/[id]
├ ○ /dashboard/evaluations/create
├ ○ /dashboard/logs
├ ○ /dashboard/rules
├ ○ /dashboard/settings
├ ƒ /dashboard/teachers/[id]
├ ○ /dashboard/users
└ ○ /login


[info] 
○  (Static)   prerendered as static content
ƒ  (Dynamic)  server-rendered on demand


[info] Building a Cloud Function to run this application. This is needed due to:
[info]  • non-static component /api/cron/route
[info]  • non-static component /api/emails/route
[info]  • non-static component /api/users/[id]/route
[info]  • non-static component /dashboard/evaluations/[id]/page
[info]  • non-static component /dashboard/teachers/[id]/page
[info] 
[debug] [2026-07-16T16:30:45.148Z] Checked if tokens are valid: true, expires at: 1784222520667
[debug] [2026-07-16T16:30:45.149Z] Checked if tokens are valid: true, expires at: 1784222520667
[debug] [2026-07-16T16:30:45.149Z] >>> [apiv2][query] GET https://firebasehosting.googleapis.com/v1beta1/projects/pascaleducationmanager/sites/pascaleducationmanager [none]
[debug] [2026-07-16T16:30:46.045Z] <<< [apiv2][status] GET https://firebasehosting.googleapis.com/v1beta1/projects/pascaleducationmanager/sites/pascaleducationmanager 200
[debug] [2026-07-16T16:30:46.046Z] <<< [apiv2][body] GET https://firebasehosting.googleapis.com/v1beta1/projects/pascaleducationmanager/sites/pascaleducationmanager {"name":"projects/pascaleducationmanager/sites/pascaleducationmanager","defaultUrl":"https://pascaleducationmanager.web.app","appId":"1:625010575702:web:d27ac0eb436b628a08eef7","type":"DEFAULT_SITE"}
[debug] [2026-07-16T16:30:46.579Z] Error: EPERM: operation not permitted, symlink 'C:\Users\Admin\OneDrive - pas.edu.vn\BUILD\PEM\edumanager\node_modules\firebase-admin' -> 'C:\Users\Admin\OneDrive - pas.edu.vn\BUILD\PEM\edumanager\.firebase\pascaleducationmanager\functions\.next\node_modules\firebase-admin-a14c8a5423a75469'
[error] 
[error] Error: An unexpected error has occurred.
[debug] [2026-07-16T16:32:10.901Z] ----------------------------------------------------------------------
[debug] [2026-07-16T16:32:10.903Z] Command:       C:\Program Files\nodejs\node.exe C:\Users\Admin\AppData\Local\npm-cache\_npx\7750544ccf494d8b\node_modules\firebase-tools\lib\bin\firebase.js deploy
[debug] [2026-07-16T16:32:10.903Z] CLI Version:   15.24.0
[debug] [2026-07-16T16:32:10.903Z] Platform:      win32
[debug] [2026-07-16T16:32:10.903Z] Node Version:  v24.16.0
[debug] [2026-07-16T16:32:10.903Z] Detected Agent: antigravity
[debug] [2026-07-16T16:32:10.904Z] Time:          Thu Jul 16 2026 23:32:10 GMT+0700 (GMT+07:00)
[debug] [2026-07-16T16:32:10.904Z] ----------------------------------------------------------------------
[debug] 
[debug] [2026-07-16T16:32:12.349Z] > command requires scopes: ["email","openid","https://www.googleapis.com/auth/cloudplatformprojects.readonly","https://www.googleapis.com/auth/firebase","https://www.googleapis.com/auth/cloud-platform"]
[debug] [2026-07-16T16:32:12.350Z] > authorizing via signed-in user (bangbadao0212@gmail.com)
[debug] [2026-07-16T16:32:12.350Z] [iam] checking project pascaleducationmanager for permissions ["firebase.projects.get","firebasehosting.sites.update"]
[debug] [2026-07-16T16:32:12.358Z] Checked if tokens are valid: true, expires at: 1784222520667
[debug] [2026-07-16T16:32:12.358Z] Checked if tokens are valid: true, expires at: 1784222520667
[debug] [2026-07-16T16:32:12.359Z] >>> [apiv2][query] POST https://cloudresourcemanager.googleapis.com/v1/projects/pascaleducationmanager:testIamPermissions [none]
[debug] [2026-07-16T16:32:12.359Z] >>> [apiv2][(partial)header] POST https://cloudresourcemanager.googleapis.com/v1/projects/pascaleducationmanager:testIamPermissions  x-goog-user-project=pascaleducationmanager
[debug] [2026-07-16T16:32:12.359Z] >>> [apiv2][body] POST https://cloudresourcemanager.googleapis.com/v1/projects/pascaleducationmanager:testIamPermissions {"permissions":["firebase.projects.get","firebasehosting.sites.update"]}
[debug] [2026-07-16T16:32:13.419Z] <<< [apiv2][status] POST https://cloudresourcemanager.googleapis.com/v1/projects/pascaleducationmanager:testIamPermissions 200
[debug] [2026-07-16T16:32:13.419Z] <<< [apiv2][body] POST https://cloudresourcemanager.googleapis.com/v1/projects/pascaleducationmanager:testIamPermissions {"permissions":["firebase.projects.get","firebasehosting.sites.update"]}
[debug] [2026-07-16T16:32:13.419Z] Checked if tokens are valid: true, expires at: 1784222520667
[debug] [2026-07-16T16:32:13.419Z] Checked if tokens are valid: true, expires at: 1784222520667
[debug] [2026-07-16T16:32:13.420Z] >>> [apiv2][query] GET https://firebase.googleapis.com/v1beta1/projects/pascaleducationmanager [none]
[debug] [2026-07-16T16:32:13.894Z] <<< [apiv2][status] GET https://firebase.googleapis.com/v1beta1/projects/pascaleducationmanager 200
[debug] [2026-07-16T16:32:13.894Z] <<< [apiv2][body] GET https://firebase.googleapis.com/v1beta1/projects/pascaleducationmanager {"projectId":"pascaleducationmanager","projectNumber":"625010575702","displayName":"PascalEducationManager","name":"projects/pascaleducationmanager","resources":{"hostingSite":"pascaleducationmanager"},"state":"ACTIVE","labels":{"firebase":"enabled"},"etag":"1_35b40303-db34-4bcf-af9e-7204df71d22f"}
[debug] [2026-07-16T16:32:15.963Z] defaultcredentials: writing to file C:\Users\Admin\AppData\Roaming\firebase\bangbadao0212_gmail_com_application_default_credentials.json
[debug] [2026-07-16T16:32:15.964Z] Checked if tokens are valid: true, expires at: 1784222520667
[debug] [2026-07-16T16:32:15.964Z] Checked if tokens are valid: true, expires at: 1784222520667
[debug] [2026-07-16T16:32:15.964Z] >>> [apiv2][query] GET https://firebasehosting.googleapis.com/v1beta1/projects/pascaleducationmanager/sites pageToken=&pageSize=10
[debug] [2026-07-16T16:32:16.833Z] <<< [apiv2][status] GET https://firebasehosting.googleapis.com/v1beta1/projects/pascaleducationmanager/sites 200
[debug] [2026-07-16T16:32:16.833Z] <<< [apiv2][body] GET https://firebasehosting.googleapis.com/v1beta1/projects/pascaleducationmanager/sites {"sites":[{"name":"projects/pascaleducationmanager/sites/pascaleducationmanager","defaultUrl":"https://pascaleducationmanager.web.app","appId":"1:625010575702:web:d27ac0eb436b628a08eef7","type":"DEFAULT_SITE"}]}
[debug] [2026-07-16T16:32:16.833Z] Checked if tokens are valid: true, expires at: 1784222520667
[debug] [2026-07-16T16:32:16.834Z] Checked if tokens are valid: true, expires at: 1784222520667
[debug] [2026-07-16T16:32:16.834Z] >>> [apiv2][query] GET https://firebase.googleapis.com/v1beta1/projects/-/webApps/1:625010575702:web:d27ac0eb436b628a08eef7/config [none]
[debug] [2026-07-16T16:32:18.774Z] <<< [apiv2][status] GET https://firebase.googleapis.com/v1beta1/projects/-/webApps/1:625010575702:web:d27ac0eb436b628a08eef7/config 200
[debug] [2026-07-16T16:32:18.774Z] <<< [apiv2][body] GET https://firebase.googleapis.com/v1beta1/projects/-/webApps/1:625010575702:web:d27ac0eb436b628a08eef7/config {"projectId":"pascaleducationmanager","appId":"1:625010575702:web:d27ac0eb436b628a08eef7","storageBucket":"pascaleducationmanager.firebasestorage.app","apiKey":"AIzaSyCD8513LiJf4mfbJ49UC-oQYT_Z7gQVcGs","authDomain":"pascaleducationmanager.firebaseapp.com","messagingSenderId":"625010575702","measurementId":"G-SCLM6NLVDJ","projectNumber":"625010575702","version":"2"}
[info] 
   Thank you for trying our early preview of Next.js support on Firebase Hosting.
   During the preview, support is best-effort and breaking changes can be expected. Proceed with caution.
   The integration is known to work with Next.js version 12 - 16.0. You may encounter errors.

   Documentation: https://firebase.google.com/docs/hosting/frameworks/nextjs
   File a bug: https://github.com/firebase/firebase-tools/issues/new?template=bug_report.md
   Submit a feature request: https://github.com/firebase/firebase-tools/issues/new?template=feature_request.md

   We'd love to learn from you. Express your interest in helping us shape the future of Firebase Hosting: https://goo.gle/41enW5X

[debug] [2026-07-16T16:32:23.977Z] Checked if tokens are valid: true, expires at: 1784222520667
[debug] [2026-07-16T16:32:23.978Z] Checked if tokens are valid: true, expires at: 1784222520667
[debug] [2026-07-16T16:32:23.978Z] >>> [apiv2][query] GET https://firebasehosting.googleapis.com/v1beta1/projects/pascaleducationmanager/sites/pascaleducationmanager [none]
[debug] [2026-07-16T16:32:24.890Z] <<< [apiv2][status] GET https://firebasehosting.googleapis.com/v1beta1/projects/pascaleducationmanager/sites/pascaleducationmanager 200
[debug] [2026-07-16T16:32:24.890Z] <<< [apiv2][body] GET https://firebasehosting.googleapis.com/v1beta1/projects/pascaleducationmanager/sites/pascaleducationmanager {"name":"projects/pascaleducationmanager/sites/pascaleducationmanager","defaultUrl":"https://pascaleducationmanager.web.app","appId":"1:625010575702:web:d27ac0eb436b628a08eef7","type":"DEFAULT_SITE"}
[info] ▲ Next.js 16.2.10 (Turbopack)

[info] - Environments: .env.local


[info]   Creating an optimized production build ...

[info] ✓ Compiled successfully in 5.1s

[info]   Running TypeScript ...

[info]   Finished TypeScript in 3.8s ...

[info]   Collecting page data using 11 workers ...

[info]   Generating static pages using 11 workers (0/15) ...

[info]   Generating static pages using 11 workers (3/15) 

[info]   Generating static pages using 11 workers (7/15) 

[info]   Generating static pages using 11 workers (11/15) 

[info] ✓ Generating static pages using 11 workers (15/15) in 1073ms

[info]   Finalizing page optimization ...

[info] 

[info] Route (app)
┌ ○ /
├ ○ /_not-found
├ ƒ /api/cron
├ ƒ /api/emails
├ ƒ /api/users/[id]
├ ○ /dashboard
├ ○ /dashboard/departments
├ ○ /dashboard/evaluations
├ ƒ /dashboard/evaluations/[id]
├ ○ /dashboard/evaluations/create
├ ○ /dashboard/logs
├ ○ /dashboard/rules
├ ○ /dashboard/settings
├ ƒ /dashboard/teachers/[id]
├ ○ /dashboard/users
└ ○ /login


[info] 
○  (Static)   prerendered as static content
ƒ  (Dynamic)  server-rendered on demand


[info] Building a Cloud Function to run this application. This is needed due to:
[info]  • non-static component /api/cron/route
[info]  • non-static component /api/emails/route
[info]  • non-static component /api/users/[id]/route
[info]  • non-static component /dashboard/evaluations/[id]/page
[info]  • non-static component /dashboard/teachers/[id]/page
[info] 
[debug] [2026-07-16T16:32:44.470Z] Checked if tokens are valid: true, expires at: 1784222520667
[debug] [2026-07-16T16:32:44.470Z] Checked if tokens are valid: true, expires at: 1784222520667
[debug] [2026-07-16T16:32:44.470Z] >>> [apiv2][query] GET https://firebasehosting.googleapis.com/v1beta1/projects/pascaleducationmanager/sites/pascaleducationmanager [none]
[debug] [2026-07-16T16:32:45.327Z] <<< [apiv2][status] GET https://firebasehosting.googleapis.com/v1beta1/projects/pascaleducationmanager/sites/pascaleducationmanager 200
[debug] [2026-07-16T16:32:45.327Z] <<< [apiv2][body] GET https://firebasehosting.googleapis.com/v1beta1/projects/pascaleducationmanager/sites/pascaleducationmanager {"name":"projects/pascaleducationmanager/sites/pascaleducationmanager","defaultUrl":"https://pascaleducationmanager.web.app","appId":"1:625010575702:web:d27ac0eb436b628a08eef7","type":"DEFAULT_SITE"}
[debug] [2026-07-16T16:32:45.917Z] Error: EPERM: operation not permitted, symlink 'C:\Users\Admin\OneDrive - pas.edu.vn\BUILD\PEM\edumanager\node_modules\firebase-admin' -> 'C:\Users\Admin\OneDrive - pas.edu.vn\BUILD\PEM\edumanager\.firebase\pascaleducationmanager\functions\.next\node_modules\firebase-admin-a14c8a5423a75469'
[error] 
[error] Error: An unexpected error has occurred.
[debug] [2026-07-16T16:32:55.156Z] ----------------------------------------------------------------------
[debug] [2026-07-16T16:32:55.158Z] Command:       C:\Program Files\nodejs\node.exe C:\Users\Admin\AppData\Local\npm-cache\_npx\7750544ccf494d8b\node_modules\firebase-tools\lib\bin\firebase.js deploy --debug
[debug] [2026-07-16T16:32:55.158Z] CLI Version:   15.24.0
[debug] [2026-07-16T16:32:55.158Z] Platform:      win32
[debug] [2026-07-16T16:32:55.158Z] Node Version:  v24.16.0
[debug] [2026-07-16T16:32:55.159Z] Detected Agent: antigravity
[debug] [2026-07-16T16:32:55.159Z] Time:          Thu Jul 16 2026 23:32:55 GMT+0700 (GMT+07:00)
[debug] [2026-07-16T16:32:55.159Z] ----------------------------------------------------------------------
[debug] 
[debug] [2026-07-16T16:32:56.660Z] > command requires scopes: ["email","openid","https://www.googleapis.com/auth/cloudplatformprojects.readonly","https://www.googleapis.com/auth/firebase","https://www.googleapis.com/auth/cloud-platform"]
[debug] [2026-07-16T16:32:56.660Z] > authorizing via signed-in user (bangbadao0212@gmail.com)
[debug] [2026-07-16T16:32:56.660Z] [iam] checking project pascaleducationmanager for permissions ["firebase.projects.get","firebasehosting.sites.update"]
[debug] [2026-07-16T16:32:56.670Z] Checked if tokens are valid: true, expires at: 1784222520667
[debug] [2026-07-16T16:32:56.670Z] Checked if tokens are valid: true, expires at: 1784222520667
[debug] [2026-07-16T16:32:56.671Z] >>> [apiv2][query] POST https://cloudresourcemanager.googleapis.com/v1/projects/pascaleducationmanager:testIamPermissions [none]
[debug] [2026-07-16T16:32:56.671Z] >>> [apiv2][(partial)header] POST https://cloudresourcemanager.googleapis.com/v1/projects/pascaleducationmanager:testIamPermissions  x-goog-user-project=pascaleducationmanager
[debug] [2026-07-16T16:32:56.671Z] >>> [apiv2][body] POST https://cloudresourcemanager.googleapis.com/v1/projects/pascaleducationmanager:testIamPermissions {"permissions":["firebase.projects.get","firebasehosting.sites.update"]}
[debug] [2026-07-16T16:32:57.791Z] <<< [apiv2][status] POST https://cloudresourcemanager.googleapis.com/v1/projects/pascaleducationmanager:testIamPermissions 200
[debug] [2026-07-16T16:32:57.792Z] <<< [apiv2][body] POST https://cloudresourcemanager.googleapis.com/v1/projects/pascaleducationmanager:testIamPermissions {"permissions":["firebase.projects.get","firebasehosting.sites.update"]}
[debug] [2026-07-16T16:32:57.792Z] Checked if tokens are valid: true, expires at: 1784222520667
[debug] [2026-07-16T16:32:57.792Z] Checked if tokens are valid: true, expires at: 1784222520667
[debug] [2026-07-16T16:32:57.793Z] >>> [apiv2][query] GET https://firebase.googleapis.com/v1beta1/projects/pascaleducationmanager [none]
[debug] [2026-07-16T16:32:58.228Z] <<< [apiv2][status] GET https://firebase.googleapis.com/v1beta1/projects/pascaleducationmanager 200
[debug] [2026-07-16T16:32:58.228Z] <<< [apiv2][body] GET https://firebase.googleapis.com/v1beta1/projects/pascaleducationmanager {"projectId":"pascaleducationmanager","projectNumber":"625010575702","displayName":"PascalEducationManager","name":"projects/pascaleducationmanager","resources":{"hostingSite":"pascaleducationmanager"},"state":"ACTIVE","labels":{"firebase":"enabled"},"etag":"1_35b40303-db34-4bcf-af9e-7204df71d22f"}
[debug] [2026-07-16T16:33:00.585Z] defaultcredentials: writing to file C:\Users\Admin\AppData\Roaming\firebase\bangbadao0212_gmail_com_application_default_credentials.json
[debug] [2026-07-16T16:33:00.586Z] Checked if tokens are valid: true, expires at: 1784222520667
[debug] [2026-07-16T16:33:00.586Z] Checked if tokens are valid: true, expires at: 1784222520667
[debug] [2026-07-16T16:33:00.587Z] >>> [apiv2][query] GET https://firebasehosting.googleapis.com/v1beta1/projects/pascaleducationmanager/sites pageToken=&pageSize=10
[debug] [2026-07-16T16:33:01.517Z] <<< [apiv2][status] GET https://firebasehosting.googleapis.com/v1beta1/projects/pascaleducationmanager/sites 200
[debug] [2026-07-16T16:33:01.517Z] <<< [apiv2][body] GET https://firebasehosting.googleapis.com/v1beta1/projects/pascaleducationmanager/sites {"sites":[{"name":"projects/pascaleducationmanager/sites/pascaleducationmanager","defaultUrl":"https://pascaleducationmanager.web.app","appId":"1:625010575702:web:d27ac0eb436b628a08eef7","type":"DEFAULT_SITE"}]}
[debug] [2026-07-16T16:33:01.518Z] Checked if tokens are valid: true, expires at: 1784222520667
[debug] [2026-07-16T16:33:01.518Z] Checked if tokens are valid: true, expires at: 1784222520667
[debug] [2026-07-16T16:33:01.518Z] >>> [apiv2][query] GET https://firebase.googleapis.com/v1beta1/projects/-/webApps/1:625010575702:web:d27ac0eb436b628a08eef7/config [none]
[debug] [2026-07-16T16:33:02.981Z] <<< [apiv2][status] GET https://firebase.googleapis.com/v1beta1/projects/-/webApps/1:625010575702:web:d27ac0eb436b628a08eef7/config 200
[debug] [2026-07-16T16:33:02.981Z] <<< [apiv2][body] GET https://firebase.googleapis.com/v1beta1/projects/-/webApps/1:625010575702:web:d27ac0eb436b628a08eef7/config {"projectId":"pascaleducationmanager","appId":"1:625010575702:web:d27ac0eb436b628a08eef7","storageBucket":"pascaleducationmanager.firebasestorage.app","apiKey":"AIzaSyCD8513LiJf4mfbJ49UC-oQYT_Z7gQVcGs","authDomain":"pascaleducationmanager.firebaseapp.com","messagingSenderId":"625010575702","measurementId":"G-SCLM6NLVDJ","projectNumber":"625010575702","version":"2"}
[info] 
   Thank you for trying our early preview of Next.js support on Firebase Hosting.
   During the preview, support is best-effort and breaking changes can be expected. Proceed with caution.
   The integration is known to work with Next.js version 12 - 16.0. You may encounter errors.

   Documentation: https://firebase.google.com/docs/hosting/frameworks/nextjs
   File a bug: https://github.com/firebase/firebase-tools/issues/new?template=bug_report.md
   Submit a feature request: https://github.com/firebase/firebase-tools/issues/new?template=feature_request.md

   We'd love to learn from you. Express your interest in helping us shape the future of Firebase Hosting: https://goo.gle/41enW5X

[debug] [2026-07-16T16:33:08.826Z] Checked if tokens are valid: true, expires at: 1784222520667
[debug] [2026-07-16T16:33:08.826Z] Checked if tokens are valid: true, expires at: 1784222520667
[debug] [2026-07-16T16:33:08.827Z] >>> [apiv2][query] GET https://firebasehosting.googleapis.com/v1beta1/projects/pascaleducationmanager/sites/pascaleducationmanager [none]
[debug] [2026-07-16T16:33:09.677Z] <<< [apiv2][status] GET https://firebasehosting.googleapis.com/v1beta1/projects/pascaleducationmanager/sites/pascaleducationmanager 200
[debug] [2026-07-16T16:33:09.677Z] <<< [apiv2][body] GET https://firebasehosting.googleapis.com/v1beta1/projects/pascaleducationmanager/sites/pascaleducationmanager {"name":"projects/pascaleducationmanager/sites/pascaleducationmanager","defaultUrl":"https://pascaleducationmanager.web.app","appId":"1:625010575702:web:d27ac0eb436b628a08eef7","type":"DEFAULT_SITE"}
[info] 

[info] > Build error occurred

[info] Error: EPERM: operation not permitted, unlink 'C:\Users\Admin\OneDrive - pas.edu.vn\BUILD\PEM\edumanager\.next\node_modules'
    at ignore-listed frames {
  errno: -4048,
  code: 'EPERM',
  syscall: 'unlink',
  path: 'C:\\Users\\Admin\\OneDrive - pas.edu.vn\\BUILD\\PEM\\edumanager\\.next\\node_modules'
}

[debug] [2026-07-16T16:33:12.721Z] Error: ENOENT: no such file or directory, open 'C:\Users\Admin\OneDrive - pas.edu.vn\BUILD\PEM\edumanager\.next\server\middleware-manifest.json'
[error] 
[error] Error: An unexpected error has occurred.
[debug] [2026-07-16T16:33:45.680Z] ----------------------------------------------------------------------
[debug] [2026-07-16T16:33:45.682Z] Command:       C:\Program Files\nodejs\node.exe C:\Users\Admin\AppData\Local\npm-cache\_npx\7750544ccf494d8b\node_modules\firebase-tools\lib\bin\firebase.js deploy
[debug] [2026-07-16T16:33:45.682Z] CLI Version:   15.24.0
[debug] [2026-07-16T16:33:45.682Z] Platform:      win32
[debug] [2026-07-16T16:33:45.683Z] Node Version:  v24.16.0
[debug] [2026-07-16T16:33:45.683Z] Detected Agent: unknown
[debug] [2026-07-16T16:33:45.683Z] Time:          Thu Jul 16 2026 23:33:45 GMT+0700 (GMT+07:00)
[debug] [2026-07-16T16:33:45.683Z] ----------------------------------------------------------------------
[debug] 
[debug] [2026-07-16T16:33:47.173Z] > command requires scopes: ["email","openid","https://www.googleapis.com/auth/cloudplatformprojects.readonly","https://www.googleapis.com/auth/firebase","https://www.googleapis.com/auth/cloud-platform"]
[debug] [2026-07-16T16:33:47.173Z] > authorizing via signed-in user (bangbadao0212@gmail.com)
[debug] [2026-07-16T16:33:47.173Z] [iam] checking project pascaleducationmanager for permissions ["firebase.projects.get","firebasehosting.sites.update"]
[debug] [2026-07-16T16:33:47.182Z] Checked if tokens are valid: true, expires at: 1784222520667
[debug] [2026-07-16T16:33:47.182Z] Checked if tokens are valid: true, expires at: 1784222520667
[debug] [2026-07-16T16:33:47.183Z] >>> [apiv2][query] POST https://cloudresourcemanager.googleapis.com/v1/projects/pascaleducationmanager:testIamPermissions [none]
[debug] [2026-07-16T16:33:47.183Z] >>> [apiv2][(partial)header] POST https://cloudresourcemanager.googleapis.com/v1/projects/pascaleducationmanager:testIamPermissions  x-goog-user-project=pascaleducationmanager
[debug] [2026-07-16T16:33:47.183Z] >>> [apiv2][body] POST https://cloudresourcemanager.googleapis.com/v1/projects/pascaleducationmanager:testIamPermissions {"permissions":["firebase.projects.get","firebasehosting.sites.update"]}
[debug] [2026-07-16T16:33:48.198Z] <<< [apiv2][status] POST https://cloudresourcemanager.googleapis.com/v1/projects/pascaleducationmanager:testIamPermissions 200
[debug] [2026-07-16T16:33:48.199Z] <<< [apiv2][body] POST https://cloudresourcemanager.googleapis.com/v1/projects/pascaleducationmanager:testIamPermissions {"permissions":["firebase.projects.get","firebasehosting.sites.update"]}
[debug] [2026-07-16T16:33:48.199Z] Checked if tokens are valid: true, expires at: 1784222520667
[debug] [2026-07-16T16:33:48.199Z] Checked if tokens are valid: true, expires at: 1784222520667
[debug] [2026-07-16T16:33:48.200Z] >>> [apiv2][query] GET https://firebase.googleapis.com/v1beta1/projects/pascaleducationmanager [none]
[debug] [2026-07-16T16:33:48.643Z] <<< [apiv2][status] GET https://firebase.googleapis.com/v1beta1/projects/pascaleducationmanager 200
[debug] [2026-07-16T16:33:48.643Z] <<< [apiv2][body] GET https://firebase.googleapis.com/v1beta1/projects/pascaleducationmanager {"projectId":"pascaleducationmanager","projectNumber":"625010575702","displayName":"PascalEducationManager","name":"projects/pascaleducationmanager","resources":{"hostingSite":"pascaleducationmanager"},"state":"ACTIVE","labels":{"firebase":"enabled"},"etag":"1_35b40303-db34-4bcf-af9e-7204df71d22f"}
[debug] [2026-07-16T16:33:50.852Z] defaultcredentials: writing to file C:\Users\Admin\AppData\Roaming\firebase\bangbadao0212_gmail_com_application_default_credentials.json
[debug] [2026-07-16T16:33:50.853Z] Checked if tokens are valid: true, expires at: 1784222520667
[debug] [2026-07-16T16:33:50.854Z] Checked if tokens are valid: true, expires at: 1784222520667
[debug] [2026-07-16T16:33:50.854Z] >>> [apiv2][query] GET https://firebasehosting.googleapis.com/v1beta1/projects/pascaleducationmanager/sites pageToken=&pageSize=10
[debug] [2026-07-16T16:33:51.820Z] <<< [apiv2][status] GET https://firebasehosting.googleapis.com/v1beta1/projects/pascaleducationmanager/sites 200
[debug] [2026-07-16T16:33:51.820Z] <<< [apiv2][body] GET https://firebasehosting.googleapis.com/v1beta1/projects/pascaleducationmanager/sites {"sites":[{"name":"projects/pascaleducationmanager/sites/pascaleducationmanager","defaultUrl":"https://pascaleducationmanager.web.app","appId":"1:625010575702:web:d27ac0eb436b628a08eef7","type":"DEFAULT_SITE"}]}
[debug] [2026-07-16T16:33:51.820Z] Checked if tokens are valid: true, expires at: 1784222520667
[debug] [2026-07-16T16:33:51.820Z] Checked if tokens are valid: true, expires at: 1784222520667
[debug] [2026-07-16T16:33:51.820Z] >>> [apiv2][query] GET https://firebase.googleapis.com/v1beta1/projects/-/webApps/1:625010575702:web:d27ac0eb436b628a08eef7/config [none]
[debug] [2026-07-16T16:33:53.016Z] <<< [apiv2][status] GET https://firebase.googleapis.com/v1beta1/projects/-/webApps/1:625010575702:web:d27ac0eb436b628a08eef7/config 200
[debug] [2026-07-16T16:33:53.016Z] <<< [apiv2][body] GET https://firebase.googleapis.com/v1beta1/projects/-/webApps/1:625010575702:web:d27ac0eb436b628a08eef7/config {"projectId":"pascaleducationmanager","appId":"1:625010575702:web:d27ac0eb436b628a08eef7","storageBucket":"pascaleducationmanager.firebasestorage.app","apiKey":"AIzaSyCD8513LiJf4mfbJ49UC-oQYT_Z7gQVcGs","authDomain":"pascaleducationmanager.firebaseapp.com","messagingSenderId":"625010575702","measurementId":"G-SCLM6NLVDJ","projectNumber":"625010575702","version":"2"}
[info] 
   Thank you for trying our early preview of Next.js support on Firebase Hosting.
   During the preview, support is best-effort and breaking changes can be expected. Proceed with caution.
   The integration is known to work with Next.js version 12 - 16.0. You may encounter errors.

   Documentation: https://firebase.google.com/docs/hosting/frameworks/nextjs
   File a bug: https://github.com/firebase/firebase-tools/issues/new?template=bug_report.md
   Submit a feature request: https://github.com/firebase/firebase-tools/issues/new?template=feature_request.md

   We'd love to learn from you. Express your interest in helping us shape the future of Firebase Hosting: https://goo.gle/41enW5X

[debug] [2026-07-16T16:33:58.301Z] Checked if tokens are valid: true, expires at: 1784222520667
[debug] [2026-07-16T16:33:58.302Z] Checked if tokens are valid: true, expires at: 1784222520667
[debug] [2026-07-16T16:33:58.302Z] >>> [apiv2][query] GET https://firebasehosting.googleapis.com/v1beta1/projects/pascaleducationmanager/sites/pascaleducationmanager [none]
[debug] [2026-07-16T16:33:59.292Z] <<< [apiv2][status] GET https://firebasehosting.googleapis.com/v1beta1/projects/pascaleducationmanager/sites/pascaleducationmanager 200
[debug] [2026-07-16T16:33:59.292Z] <<< [apiv2][body] GET https://firebasehosting.googleapis.com/v1beta1/projects/pascaleducationmanager/sites/pascaleducationmanager {"name":"projects/pascaleducationmanager/sites/pascaleducationmanager","defaultUrl":"https://pascaleducationmanager.web.app","appId":"1:625010575702:web:d27ac0eb436b628a08eef7","type":"DEFAULT_SITE"}
[info] 

[info] > Build error occurred

[info] Error: EPERM: operation not permitted, unlink 'C:\Users\Admin\OneDrive - pas.edu.vn\BUILD\PEM\edumanager\.next\node_modules'
    at ignore-listed frames {
  errno: -4048,
  code: 'EPERM',
  syscall: 'unlink',
  path: 'C:\\Users\\Admin\\OneDrive - pas.edu.vn\\BUILD\\PEM\\edumanager\\.next\\node_modules'
}

[debug] [2026-07-16T16:34:02.040Z] Error: ENOENT: no such file or directory, open 'C:\Users\Admin\OneDrive - pas.edu.vn\BUILD\PEM\edumanager\.next\server\middleware-manifest.json'
[error] 
[error] Error: An unexpected error has occurred.
[debug] [2026-07-16T16:34:35.186Z] ----------------------------------------------------------------------
[debug] [2026-07-16T16:34:35.188Z] Command:       C:\Program Files\nodejs\node.exe C:\Users\Admin\AppData\Local\npm-cache\_npx\7750544ccf494d8b\node_modules\firebase-tools\lib\bin\firebase.js deploy
[debug] [2026-07-16T16:34:35.188Z] CLI Version:   15.24.0
[debug] [2026-07-16T16:34:35.188Z] Platform:      win32
[debug] [2026-07-16T16:34:35.188Z] Node Version:  v24.16.0
[debug] [2026-07-16T16:34:35.188Z] Detected Agent: antigravity
[debug] [2026-07-16T16:34:35.188Z] Time:          Thu Jul 16 2026 23:34:35 GMT+0700 (GMT+07:00)
[debug] [2026-07-16T16:34:35.188Z] ----------------------------------------------------------------------
[debug] 
[debug] [2026-07-16T16:34:36.706Z] > command requires scopes: ["email","openid","https://www.googleapis.com/auth/cloudplatformprojects.readonly","https://www.googleapis.com/auth/firebase","https://www.googleapis.com/auth/cloud-platform"]
[debug] [2026-07-16T16:34:36.706Z] > authorizing via signed-in user (bangbadao0212@gmail.com)
[debug] [2026-07-16T16:34:36.706Z] [iam] checking project pascaleducationmanager for permissions ["firebase.projects.get","firebasehosting.sites.update"]
[debug] [2026-07-16T16:34:36.715Z] Checked if tokens are valid: true, expires at: 1784222520667
[debug] [2026-07-16T16:34:36.715Z] Checked if tokens are valid: true, expires at: 1784222520667
[debug] [2026-07-16T16:34:36.715Z] >>> [apiv2][query] POST https://cloudresourcemanager.googleapis.com/v1/projects/pascaleducationmanager:testIamPermissions [none]
[debug] [2026-07-16T16:34:36.716Z] >>> [apiv2][(partial)header] POST https://cloudresourcemanager.googleapis.com/v1/projects/pascaleducationmanager:testIamPermissions  x-goog-user-project=pascaleducationmanager
[debug] [2026-07-16T16:34:36.716Z] >>> [apiv2][body] POST https://cloudresourcemanager.googleapis.com/v1/projects/pascaleducationmanager:testIamPermissions {"permissions":["firebase.projects.get","firebasehosting.sites.update"]}
[debug] [2026-07-16T16:34:37.765Z] <<< [apiv2][status] POST https://cloudresourcemanager.googleapis.com/v1/projects/pascaleducationmanager:testIamPermissions 200
[debug] [2026-07-16T16:34:37.765Z] <<< [apiv2][body] POST https://cloudresourcemanager.googleapis.com/v1/projects/pascaleducationmanager:testIamPermissions {"permissions":["firebase.projects.get","firebasehosting.sites.update"]}
[debug] [2026-07-16T16:34:37.766Z] Checked if tokens are valid: true, expires at: 1784222520667
[debug] [2026-07-16T16:34:37.766Z] Checked if tokens are valid: true, expires at: 1784222520667
[debug] [2026-07-16T16:34:37.766Z] >>> [apiv2][query] GET https://firebase.googleapis.com/v1beta1/projects/pascaleducationmanager [none]
[debug] [2026-07-16T16:34:38.190Z] <<< [apiv2][status] GET https://firebase.googleapis.com/v1beta1/projects/pascaleducationmanager 200
[debug] [2026-07-16T16:34:38.190Z] <<< [apiv2][body] GET https://firebase.googleapis.com/v1beta1/projects/pascaleducationmanager {"projectId":"pascaleducationmanager","projectNumber":"625010575702","displayName":"PascalEducationManager","name":"projects/pascaleducationmanager","resources":{"hostingSite":"pascaleducationmanager"},"state":"ACTIVE","labels":{"firebase":"enabled"},"etag":"1_35b40303-db34-4bcf-af9e-7204df71d22f"}
[debug] [2026-07-16T16:34:40.272Z] defaultcredentials: writing to file C:\Users\Admin\AppData\Roaming\firebase\bangbadao0212_gmail_com_application_default_credentials.json
[debug] [2026-07-16T16:34:40.273Z] Checked if tokens are valid: true, expires at: 1784222520667
[debug] [2026-07-16T16:34:40.274Z] Checked if tokens are valid: true, expires at: 1784222520667
[debug] [2026-07-16T16:34:40.274Z] >>> [apiv2][query] GET https://firebasehosting.googleapis.com/v1beta1/projects/pascaleducationmanager/sites pageToken=&pageSize=10
[debug] [2026-07-16T16:34:41.237Z] <<< [apiv2][status] GET https://firebasehosting.googleapis.com/v1beta1/projects/pascaleducationmanager/sites 200
[debug] [2026-07-16T16:34:41.237Z] <<< [apiv2][body] GET https://firebasehosting.googleapis.com/v1beta1/projects/pascaleducationmanager/sites {"sites":[{"name":"projects/pascaleducationmanager/sites/pascaleducationmanager","defaultUrl":"https://pascaleducationmanager.web.app","appId":"1:625010575702:web:d27ac0eb436b628a08eef7","type":"DEFAULT_SITE"}]}
[debug] [2026-07-16T16:34:41.238Z] Checked if tokens are valid: true, expires at: 1784222520667
[debug] [2026-07-16T16:34:41.238Z] Checked if tokens are valid: true, expires at: 1784222520667
[debug] [2026-07-16T16:34:41.238Z] >>> [apiv2][query] GET https://firebase.googleapis.com/v1beta1/projects/-/webApps/1:625010575702:web:d27ac0eb436b628a08eef7/config [none]
[debug] [2026-07-16T16:34:42.985Z] <<< [apiv2][status] GET https://firebase.googleapis.com/v1beta1/projects/-/webApps/1:625010575702:web:d27ac0eb436b628a08eef7/config 200
[debug] [2026-07-16T16:34:42.986Z] <<< [apiv2][body] GET https://firebase.googleapis.com/v1beta1/projects/-/webApps/1:625010575702:web:d27ac0eb436b628a08eef7/config {"projectId":"pascaleducationmanager","appId":"1:625010575702:web:d27ac0eb436b628a08eef7","storageBucket":"pascaleducationmanager.firebasestorage.app","apiKey":"AIzaSyCD8513LiJf4mfbJ49UC-oQYT_Z7gQVcGs","authDomain":"pascaleducationmanager.firebaseapp.com","messagingSenderId":"625010575702","measurementId":"G-SCLM6NLVDJ","projectNumber":"625010575702","version":"2"}
[info] 
   Thank you for trying our early preview of Next.js support on Firebase Hosting.
   During the preview, support is best-effort and breaking changes can be expected. Proceed with caution.
   The integration is known to work with Next.js version 12 - 16.0. You may encounter errors.

   Documentation: https://firebase.google.com/docs/hosting/frameworks/nextjs
   File a bug: https://github.com/firebase/firebase-tools/issues/new?template=bug_report.md
   Submit a feature request: https://github.com/firebase/firebase-tools/issues/new?template=feature_request.md

   We'd love to learn from you. Express your interest in helping us shape the future of Firebase Hosting: https://goo.gle/41enW5X

[debug] [2026-07-16T16:34:48.217Z] Checked if tokens are valid: true, expires at: 1784222520667
[debug] [2026-07-16T16:34:48.217Z] Checked if tokens are valid: true, expires at: 1784222520667
[debug] [2026-07-16T16:34:48.217Z] >>> [apiv2][query] GET https://firebasehosting.googleapis.com/v1beta1/projects/pascaleducationmanager/sites/pascaleducationmanager [none]
[debug] [2026-07-16T16:34:49.077Z] <<< [apiv2][status] GET https://firebasehosting.googleapis.com/v1beta1/projects/pascaleducationmanager/sites/pascaleducationmanager 200
[debug] [2026-07-16T16:34:49.077Z] <<< [apiv2][body] GET https://firebasehosting.googleapis.com/v1beta1/projects/pascaleducationmanager/sites/pascaleducationmanager {"name":"projects/pascaleducationmanager/sites/pascaleducationmanager","defaultUrl":"https://pascaleducationmanager.web.app","appId":"1:625010575702:web:d27ac0eb436b628a08eef7","type":"DEFAULT_SITE"}
[info] ▲ Next.js 16.2.10 (Turbopack)

[info] - Environments: .env.local


[info]   Creating an optimized production build ...

[info] ✓ Compiled successfully in 5.6s

[info]   Running TypeScript ...

[info]   Finished TypeScript in 3.9s ...

[info]   Collecting page data using 11 workers ...

[info]   Generating static pages using 11 workers (0/15) ...

[info]   Generating static pages using 11 workers (3/15) 

[info]   Generating static pages using 11 workers (7/15) 

[info]   Generating static pages using 11 workers (11/15) 

[info] ✓ Generating static pages using 11 workers (15/15) in 1165ms

[info]   Finalizing page optimization ...

[info] 

[info] Route (app)
┌ ○ /
├ ○ /_not-found
├ ƒ /api/cron
├ ƒ /api/emails
├ ƒ /api/users/[id]
├ ○ /dashboard
├ ○ /dashboard/departments
├ ○ /dashboard/evaluations
├ ƒ /dashboard/evaluations/[id]
├ ○ /dashboard/evaluations/create
├ ○ /dashboard/logs
├ ○ /dashboard/rules
├ ○ /dashboard/settings
├ ƒ /dashboard/teachers/[id]
├ ○ /dashboard/users
└ ○ /login


[info] 
○  (Static)   prerendered as static content
ƒ  (Dynamic)  server-rendered on demand


[info] Building a Cloud Function to run this application. This is needed due to:
[info]  • non-static component /api/cron/route
[info]  • non-static component /api/emails/route
[info]  • non-static component /api/users/[id]/route
[info]  • non-static component /dashboard/evaluations/[id]/page
[info]  • non-static component /dashboard/teachers/[id]/page
[info] 
[debug] [2026-07-16T16:35:10.146Z] Checked if tokens are valid: true, expires at: 1784222520667
[debug] [2026-07-16T16:35:10.146Z] Checked if tokens are valid: true, expires at: 1784222520667
[debug] [2026-07-16T16:35:10.146Z] >>> [apiv2][query] GET https://firebasehosting.googleapis.com/v1beta1/projects/pascaleducationmanager/sites/pascaleducationmanager [none]
[debug] [2026-07-16T16:35:11.012Z] <<< [apiv2][status] GET https://firebasehosting.googleapis.com/v1beta1/projects/pascaleducationmanager/sites/pascaleducationmanager 200
[debug] [2026-07-16T16:35:11.012Z] <<< [apiv2][body] GET https://firebasehosting.googleapis.com/v1beta1/projects/pascaleducationmanager/sites/pascaleducationmanager {"name":"projects/pascaleducationmanager/sites/pascaleducationmanager","defaultUrl":"https://pascaleducationmanager.web.app","appId":"1:625010575702:web:d27ac0eb436b628a08eef7","type":"DEFAULT_SITE"}
[debug] [2026-07-16T16:35:11.546Z] Error: EPERM: operation not permitted, symlink 'C:\Users\Admin\OneDrive - pas.edu.vn\BUILD\PEM\edumanager\node_modules\firebase-admin' -> 'C:\Users\Admin\OneDrive - pas.edu.vn\BUILD\PEM\edumanager\.firebase\pascaleducationmanager\functions\.next\node_modules\firebase-admin-a14c8a5423a75469'
[error] 
[error] Error: An unexpected error has occurred.
